CRITICAL - 2022-07-18 11:30:57 --> syntax error, unexpected variable "$res"
in APPPATH\Controllers\Unidades.php on line 107.
 1 SYSTEMPATH\Autoloader\Autoloader.php(261): CodeIgniter\Autoloader\Autoloader->includeFile('APPPATH\\Controllers\\Unidades.php')
 2 SYSTEMPATH\Autoloader\Autoloader.php(239): CodeIgniter\Autoloader\Autoloader->loadInNamespace('App\\Controllers\\Unidades')
 3 [internal function]: CodeIgniter\Autoloader\Autoloader->loadClass('App\\Controllers\\Unidades')
 4 SYSTEMPATH\CodeIgniter.php(848): class_exists('\\App\\Controllers\\Unidades', true)
 5 SYSTEMPATH\CodeIgniter.php(455): CodeIgniter\CodeIgniter->startController()
 6 SYSTEMPATH\CodeIgniter.php(351): CodeIgniter\CodeIgniter->handleRequest(null, Object(Config\Cache), false)
 7 FCPATH\index.php(55): CodeIgniter\CodeIgniter->run()
CRITICAL - 2022-07-18 14:02:57 --> syntax error, unexpected variable "$res"
in APPPATH\Controllers\Unidades.php on line 107.
 1 SYSTEMPATH\Autoloader\Autoloader.php(261): CodeIgniter\Autoloader\Autoloader->includeFile('APPPATH\\Controllers\\Unidades.php')
 2 SYSTEMPATH\Autoloader\Autoloader.php(239): CodeIgniter\Autoloader\Autoloader->loadInNamespace('App\\Controllers\\Unidades')
 3 [internal function]: CodeIgniter\Autoloader\Autoloader->loadClass('App\\Controllers\\Unidades')
 4 SYSTEMPATH\CodeIgniter.php(848): class_exists('\\App\\Controllers\\Unidades', true)
 5 SYSTEMPATH\CodeIgniter.php(455): CodeIgniter\CodeIgniter->startController()
 6 SYSTEMPATH\CodeIgniter.php(351): CodeIgniter\CodeIgniter->handleRequest(null, Object(Config\Cache), false)
 7 FCPATH\index.php(55): CodeIgniter\CodeIgniter->run()
CRITICAL - 2022-07-18 14:03:04 --> syntax error, unexpected variable "$res"
in APPPATH\Controllers\Unidades.php on line 107.
 1 SYSTEMPATH\Autoloader\Autoloader.php(261): CodeIgniter\Autoloader\Autoloader->includeFile('APPPATH\\Controllers\\Unidades.php')
 2 SYSTEMPATH\Autoloader\Autoloader.php(239): CodeIgniter\Autoloader\Autoloader->loadInNamespace('App\\Controllers\\Unidades')
 3 [internal function]: CodeIgniter\Autoloader\Autoloader->loadClass('App\\Controllers\\Unidades')
 4 SYSTEMPATH\CodeIgniter.php(848): class_exists('\\App\\Controllers\\Unidades', true)
 5 SYSTEMPATH\CodeIgniter.php(455): CodeIgniter\CodeIgniter->startController()
 6 SYSTEMPATH\CodeIgniter.php(351): CodeIgniter\CodeIgniter->handleRequest(null, Object(Config\Cache), false)
 7 FCPATH\index.php(55): CodeIgniter\CodeIgniter->run()
CRITICAL - 2022-07-18 14:03:08 --> syntax error, unexpected variable "$res"
in APPPATH\Controllers\Unidades.php on line 107.
 1 SYSTEMPATH\Autoloader\Autoloader.php(261): CodeIgniter\Autoloader\Autoloader->includeFile('APPPATH\\Controllers\\Unidades.php')
 2 SYSTEMPATH\Autoloader\Autoloader.php(239): CodeIgniter\Autoloader\Autoloader->loadInNamespace('App\\Controllers\\Unidades')
 3 [internal function]: CodeIgniter\Autoloader\Autoloader->loadClass('App\\Controllers\\Unidades')
 4 SYSTEMPATH\CodeIgniter.php(848): class_exists('\\App\\Controllers\\Unidades', true)
 5 SYSTEMPATH\CodeIgniter.php(455): CodeIgniter\CodeIgniter->startController()
 6 SYSTEMPATH\CodeIgniter.php(351): CodeIgniter\CodeIgniter->handleRequest(null, Object(Config\Cache), false)
 7 FCPATH\index.php(55): CodeIgniter\CodeIgniter->run()
CRITICAL - 2022-07-18 14:03:42 --> syntax error, unexpected token "}"
in APPPATH\Controllers\Unidades.php on line 108.
 1 SYSTEMPATH\Autoloader\Autoloader.php(261): CodeIgniter\Autoloader\Autoloader->includeFile('APPPATH\\Controllers\\Unidades.php')
 2 SYSTEMPATH\Autoloader\Autoloader.php(239): CodeIgniter\Autoloader\Autoloader->loadInNamespace('App\\Controllers\\Unidades')
 3 [internal function]: CodeIgniter\Autoloader\Autoloader->loadClass('App\\Controllers\\Unidades')
 4 SYSTEMPATH\CodeIgniter.php(848): class_exists('\\App\\Controllers\\Unidades', true)
 5 SYSTEMPATH\CodeIgniter.php(455): CodeIgniter\CodeIgniter->startController()
 6 SYSTEMPATH\CodeIgniter.php(351): CodeIgniter\CodeIgniter->handleRequest(null, Object(Config\Cache), false)
 7 FCPATH\index.php(55): CodeIgniter\CodeIgniter->run()
CRITICAL - 2022-07-18 14:03:43 --> syntax error, unexpected token "}"
in APPPATH\Controllers\Unidades.php on line 108.
 1 SYSTEMPATH\Autoloader\Autoloader.php(261): CodeIgniter\Autoloader\Autoloader->includeFile('APPPATH\\Controllers\\Unidades.php')
 2 SYSTEMPATH\Autoloader\Autoloader.php(239): CodeIgniter\Autoloader\Autoloader->loadInNamespace('App\\Controllers\\Unidades')
 3 [internal function]: CodeIgniter\Autoloader\Autoloader->loadClass('App\\Controllers\\Unidades')
 4 SYSTEMPATH\CodeIgniter.php(848): class_exists('\\App\\Controllers\\Unidades', true)
 5 SYSTEMPATH\CodeIgniter.php(455): CodeIgniter\CodeIgniter->startController()
 6 SYSTEMPATH\CodeIgniter.php(351): CodeIgniter\CodeIgniter->handleRequest(null, Object(Config\Cache), false)
 7 FCPATH\index.php(55): CodeIgniter\CodeIgniter->run()
CRITICAL - 2022-07-18 14:03:44 --> syntax error, unexpected token "}"
in APPPATH\Controllers\Unidades.php on line 108.
 1 SYSTEMPATH\Autoloader\Autoloader.php(261): CodeIgniter\Autoloader\Autoloader->includeFile('APPPATH\\Controllers\\Unidades.php')
 2 SYSTEMPATH\Autoloader\Autoloader.php(239): CodeIgniter\Autoloader\Autoloader->loadInNamespace('App\\Controllers\\Unidades')
 3 [internal function]: CodeIgniter\Autoloader\Autoloader->loadClass('App\\Controllers\\Unidades')
 4 SYSTEMPATH\CodeIgniter.php(848): class_exists('\\App\\Controllers\\Unidades', true)
 5 SYSTEMPATH\CodeIgniter.php(455): CodeIgniter\CodeIgniter->startController()
 6 SYSTEMPATH\CodeIgniter.php(351): CodeIgniter\CodeIgniter->handleRequest(null, Object(Config\Cache), false)
 7 FCPATH\index.php(55): CodeIgniter\CodeIgniter->run()
CRITICAL - 2022-07-18 14:04:07 --> syntax error, unexpected token "echo"
in APPPATH\Controllers\Unidades.php on line 110.
 1 SYSTEMPATH\Autoloader\Autoloader.php(261): CodeIgniter\Autoloader\Autoloader->includeFile('APPPATH\\Controllers\\Unidades.php')
 2 SYSTEMPATH\Autoloader\Autoloader.php(239): CodeIgniter\Autoloader\Autoloader->loadInNamespace('App\\Controllers\\Unidades')
 3 [internal function]: CodeIgniter\Autoloader\Autoloader->loadClass('App\\Controllers\\Unidades')
 4 SYSTEMPATH\CodeIgniter.php(848): class_exists('\\App\\Controllers\\Unidades', true)
 5 SYSTEMPATH\CodeIgniter.php(455): CodeIgniter\CodeIgniter->startController()
 6 SYSTEMPATH\CodeIgniter.php(351): CodeIgniter\CodeIgniter->handleRequest(null, Object(Config\Cache), false)
 7 FCPATH\index.php(55): CodeIgniter\CodeIgniter->run()
CRITICAL - 2022-07-18 14:04:08 --> syntax error, unexpected token "echo"
in APPPATH\Controllers\Unidades.php on line 110.
 1 SYSTEMPATH\Autoloader\Autoloader.php(261): CodeIgniter\Autoloader\Autoloader->includeFile('APPPATH\\Controllers\\Unidades.php')
 2 SYSTEMPATH\Autoloader\Autoloader.php(239): CodeIgniter\Autoloader\Autoloader->loadInNamespace('App\\Controllers\\Unidades')
 3 [internal function]: CodeIgniter\Autoloader\Autoloader->loadClass('App\\Controllers\\Unidades')
 4 SYSTEMPATH\CodeIgniter.php(848): class_exists('\\App\\Controllers\\Unidades', true)
 5 SYSTEMPATH\CodeIgniter.php(455): CodeIgniter\CodeIgniter->startController()
 6 SYSTEMPATH\CodeIgniter.php(351): CodeIgniter\CodeIgniter->handleRequest(null, Object(Config\Cache), false)
 7 FCPATH\index.php(55): CodeIgniter\CodeIgniter->run()
CRITICAL - 2022-07-18 14:04:09 --> syntax error, unexpected token "echo"
in APPPATH\Controllers\Unidades.php on line 110.
 1 SYSTEMPATH\Autoloader\Autoloader.php(261): CodeIgniter\Autoloader\Autoloader->includeFile('APPPATH\\Controllers\\Unidades.php')
 2 SYSTEMPATH\Autoloader\Autoloader.php(239): CodeIgniter\Autoloader\Autoloader->loadInNamespace('App\\Controllers\\Unidades')
 3 [internal function]: CodeIgniter\Autoloader\Autoloader->loadClass('App\\Controllers\\Unidades')
 4 SYSTEMPATH\CodeIgniter.php(848): class_exists('\\App\\Controllers\\Unidades', true)
 5 SYSTEMPATH\CodeIgniter.php(455): CodeIgniter\CodeIgniter->startController()
 6 SYSTEMPATH\CodeIgniter.php(351): CodeIgniter\CodeIgniter->handleRequest(null, Object(Config\Cache), false)
 7 FCPATH\index.php(55): CodeIgniter\CodeIgniter->run()
CRITICAL - 2022-07-18 14:05:47 --> syntax error, unexpected variable "$res"
in APPPATH\Controllers\Unidades.php on line 107.
 1 SYSTEMPATH\Autoloader\Autoloader.php(261): CodeIgniter\Autoloader\Autoloader->includeFile('APPPATH\\Controllers\\Unidades.php')
 2 SYSTEMPATH\Autoloader\Autoloader.php(239): CodeIgniter\Autoloader\Autoloader->loadInNamespace('App\\Controllers\\Unidades')
 3 [internal function]: CodeIgniter\Autoloader\Autoloader->loadClass('App\\Controllers\\Unidades')
 4 SYSTEMPATH\CodeIgniter.php(848): class_exists('\\App\\Controllers\\Unidades', true)
 5 SYSTEMPATH\CodeIgniter.php(455): CodeIgniter\CodeIgniter->startController()
 6 SYSTEMPATH\CodeIgniter.php(351): CodeIgniter\CodeIgniter->handleRequest(null, Object(Config\Cache), false)
 7 FCPATH\index.php(55): CodeIgniter\CodeIgniter->run()
CRITICAL - 2022-07-18 14:05:47 --> syntax error, unexpected variable "$res"
in APPPATH\Controllers\Unidades.php on line 107.
 1 SYSTEMPATH\Autoloader\Autoloader.php(261): CodeIgniter\Autoloader\Autoloader->includeFile('APPPATH\\Controllers\\Unidades.php')
 2 SYSTEMPATH\Autoloader\Autoloader.php(239): CodeIgniter\Autoloader\Autoloader->loadInNamespace('App\\Controllers\\Unidades')
 3 [internal function]: CodeIgniter\Autoloader\Autoloader->loadClass('App\\Controllers\\Unidades')
 4 SYSTEMPATH\CodeIgniter.php(848): class_exists('\\App\\Controllers\\Unidades', true)
 5 SYSTEMPATH\CodeIgniter.php(455): CodeIgniter\CodeIgniter->startController()
 6 SYSTEMPATH\CodeIgniter.php(351): CodeIgniter\CodeIgniter->handleRequest(null, Object(Config\Cache), false)
 7 FCPATH\index.php(55): CodeIgniter\CodeIgniter->run()
CRITICAL - 2022-07-18 14:05:48 --> syntax error, unexpected variable "$res"
in APPPATH\Controllers\Unidades.php on line 107.
 1 SYSTEMPATH\Autoloader\Autoloader.php(261): CodeIgniter\Autoloader\Autoloader->includeFile('APPPATH\\Controllers\\Unidades.php')
 2 SYSTEMPATH\Autoloader\Autoloader.php(239): CodeIgniter\Autoloader\Autoloader->loadInNamespace('App\\Controllers\\Unidades')
 3 [internal function]: CodeIgniter\Autoloader\Autoloader->loadClass('App\\Controllers\\Unidades')
 4 SYSTEMPATH\CodeIgniter.php(848): class_exists('\\App\\Controllers\\Unidades', true)
 5 SYSTEMPATH\CodeIgniter.php(455): CodeIgniter\CodeIgniter->startController()
 6 SYSTEMPATH\CodeIgniter.php(351): CodeIgniter\CodeIgniter->handleRequest(null, Object(Config\Cache), false)
 7 FCPATH\index.php(55): CodeIgniter\CodeIgniter->run()
CRITICAL - 2022-07-18 14:05:49 --> syntax error, unexpected variable "$res"
in APPPATH\Controllers\Unidades.php on line 107.
 1 SYSTEMPATH\Autoloader\Autoloader.php(261): CodeIgniter\Autoloader\Autoloader->includeFile('APPPATH\\Controllers\\Unidades.php')
 2 SYSTEMPATH\Autoloader\Autoloader.php(239): CodeIgniter\Autoloader\Autoloader->loadInNamespace('App\\Controllers\\Unidades')
 3 [internal function]: CodeIgniter\Autoloader\Autoloader->loadClass('App\\Controllers\\Unidades')
 4 SYSTEMPATH\CodeIgniter.php(848): class_exists('\\App\\Controllers\\Unidades', true)
 5 SYSTEMPATH\CodeIgniter.php(455): CodeIgniter\CodeIgniter->startController()
 6 SYSTEMPATH\CodeIgniter.php(351): CodeIgniter\CodeIgniter->handleRequest(null, Object(Config\Cache), false)
 7 FCPATH\index.php(55): CodeIgniter\CodeIgniter->run()
CRITICAL - 2022-07-18 14:05:52 --> syntax error, unexpected variable "$res"
in APPPATH\Controllers\Unidades.php on line 107.
 1 SYSTEMPATH\Autoloader\Autoloader.php(261): CodeIgniter\Autoloader\Autoloader->includeFile('APPPATH\\Controllers\\Unidades.php')
 2 SYSTEMPATH\Autoloader\Autoloader.php(239): CodeIgniter\Autoloader\Autoloader->loadInNamespace('App\\Controllers\\Unidades')
 3 [internal function]: CodeIgniter\Autoloader\Autoloader->loadClass('App\\Controllers\\Unidades')
 4 SYSTEMPATH\CodeIgniter.php(848): class_exists('\\App\\Controllers\\Unidades', true)
 5 SYSTEMPATH\CodeIgniter.php(455): CodeIgniter\CodeIgniter->startController()
 6 SYSTEMPATH\CodeIgniter.php(351): CodeIgniter\CodeIgniter->handleRequest(null, Object(Config\Cache), false)
 7 FCPATH\index.php(55): CodeIgniter\CodeIgniter->run()
CRITICAL - 2022-07-18 15:24:32 --> Trying to access array offset on value of type null
in APPPATH\Views\unidades\editar.php on line 10.
 1 APPPATH\Views\unidades\editar.php(10): CodeIgniter\Debug\Exceptions->errorHandler(2, 'Trying to access array offset on value of type null', 'APPPATH\\Views\\unidades\\editar.php', 10)
 2 SYSTEMPATH\View\View.php(213): include('APPPATH\\Views\\unidades\\editar.php')
 3 SYSTEMPATH\View\View.php(216): CodeIgniter\View\View->CodeIgniter\View\{closure}()
 4 SYSTEMPATH\Common.php(1135): CodeIgniter\View\View->render('unidades/editar', [], true)
 5 APPPATH\Controllers\Unidades.php(59): view('unidades/editar', [...])
 6 SYSTEMPATH\CodeIgniter.php(898): App\Controllers\Unidades->editar('FCPATH\\Logo.png')
 7 SYSTEMPATH\CodeIgniter.php(468): CodeIgniter\CodeIgniter->runController(Object(App\Controllers\Unidades))
 8 SYSTEMPATH\CodeIgniter.php(351): CodeIgniter\CodeIgniter->handleRequest(null, Object(Config\Cache), false)
 9 FCPATH\index.php(55): CodeIgniter\CodeIgniter->run()
CRITICAL - 2022-07-18 15:24:32 --> Trying to access array offset on value of type null
in APPPATH\Views\unidades\editar.php on line 10.
 1 APPPATH\Views\unidades\editar.php(10): CodeIgniter\Debug\Exceptions->errorHandler(2, 'Trying to access array offset on value of type null', 'APPPATH\\Views\\unidades\\editar.php', 10)
 2 SYSTEMPATH\View\View.php(213): include('APPPATH\\Views\\unidades\\editar.php')
 3 SYSTEMPATH\View\View.php(216): CodeIgniter\View\View->CodeIgniter\View\{closure}()
 4 SYSTEMPATH\Common.php(1135): CodeIgniter\View\View->render('unidades/editar', [], true)
 5 APPPATH\Controllers\Unidades.php(59): view('unidades/editar', [...])
 6 SYSTEMPATH\CodeIgniter.php(898): App\Controllers\Unidades->editar('FCPATH\\js', 'scripts.js')
 7 SYSTEMPATH\CodeIgniter.php(468): CodeIgniter\CodeIgniter->runController(Object(App\Controllers\Unidades))
 8 SYSTEMPATH\CodeIgniter.php(351): CodeIgniter\CodeIgniter->handleRequest(null, Object(Config\Cache), false)
 9 FCPATH\index.php(55): CodeIgniter\CodeIgniter->run()
CRITICAL - 2022-07-18 15:24:32 --> Trying to access array offset on value of type null
in APPPATH\Views\unidades\editar.php on line 10.
 1 APPPATH\Views\unidades\editar.php(10): CodeIgniter\Debug\Exceptions->errorHandler(2, 'Trying to access array offset on value of type null', 'APPPATH\\Views\\unidades\\editar.php', 10)
 2 SYSTEMPATH\View\View.php(213): include('APPPATH\\Views\\unidades\\editar.php')
 3 SYSTEMPATH\View\View.php(216): CodeIgniter\View\View->CodeIgniter\View\{closure}()
 4 SYSTEMPATH\Common.php(1135): CodeIgniter\View\View->render('unidades/editar', [], true)
 5 APPPATH\Controllers\Unidades.php(59): view('unidades/editar', [...])
 6 SYSTEMPATH\CodeIgniter.php(898): App\Controllers\Unidades->editar('FCPATH\\js', 'datatables-simple-demo.js')
 7 SYSTEMPATH\CodeIgniter.php(468): CodeIgniter\CodeIgniter->runController(Object(App\Controllers\Unidades))
 8 SYSTEMPATH\CodeIgniter.php(351): CodeIgniter\CodeIgniter->handleRequest(null, Object(Config\Cache), false)
 9 FCPATH\index.php(55): CodeIgniter\CodeIgniter->run()
CRITICAL - 2022-07-18 15:32:00 --> Too few arguments to function App\Controllers\Unidades::buscarPorCodigo(), 0 passed in C:\xampp\htdocs\pos\system\CodeIgniter.php on line 898 and exactly 1 expected
in APPPATH\Controllers\Unidades.php on line 91.
 1 SYSTEMPATH\CodeIgniter.php(898): App\Controllers\Unidades->buscarPorCodigo()
 2 SYSTEMPATH\CodeIgniter.php(468): CodeIgniter\CodeIgniter->runController(Object(App\Controllers\Unidades))
 3 SYSTEMPATH\CodeIgniter.php(351): CodeIgniter\CodeIgniter->handleRequest(null, Object(Config\Cache), false)
 4 FCPATH\index.php(55): CodeIgniter\CodeIgniter->run()
CRITICAL - 2022-07-18 15:32:01 --> Too few arguments to function App\Controllers\Unidades::buscarPorCodigo(), 0 passed in C:\xampp\htdocs\pos\system\CodeIgniter.php on line 898 and exactly 1 expected
in APPPATH\Controllers\Unidades.php on line 91.
 1 SYSTEMPATH\CodeIgniter.php(898): App\Controllers\Unidades->buscarPorCodigo()
 2 SYSTEMPATH\CodeIgniter.php(468): CodeIgniter\CodeIgniter->runController(Object(App\Controllers\Unidades))
 3 SYSTEMPATH\CodeIgniter.php(351): CodeIgniter\CodeIgniter->handleRequest(null, Object(Config\Cache), false)
 4 FCPATH\index.php(55): CodeIgniter\CodeIgniter->run()
CRITICAL - 2022-07-18 16:59:40 --> Trying to access array offset on value of type null
in APPPATH\Views\unidades\editar.php on line 10.
 1 APPPATH\Views\unidades\editar.php(10): CodeIgniter\Debug\Exceptions->errorHandler(2, 'Trying to access array offset on value of type null', 'APPPATH\\Views\\unidades\\editar.php', 10)
 2 SYSTEMPATH\View\View.php(213): include('APPPATH\\Views\\unidades\\editar.php')
 3 SYSTEMPATH\View\View.php(216): CodeIgniter\View\View->CodeIgniter\View\{closure}()
 4 SYSTEMPATH\Common.php(1135): CodeIgniter\View\View->render('unidades/editar', [], true)
 5 APPPATH\Controllers\Unidades.php(59): view('unidades/editar', [...])
 6 SYSTEMPATH\CodeIgniter.php(898): App\Controllers\Unidades->editar('FCPATH\\js', 'scripts.js')
 7 SYSTEMPATH\CodeIgniter.php(468): CodeIgniter\CodeIgniter->runController(Object(App\Controllers\Unidades))
 8 SYSTEMPATH\CodeIgniter.php(351): CodeIgniter\CodeIgniter->handleRequest(null, Object(Config\Cache), false)
 9 FCPATH\index.php(55): CodeIgniter\CodeIgniter->run()
CRITICAL - 2022-07-18 16:59:40 --> Trying to access array offset on value of type null
in APPPATH\Views\unidades\editar.php on line 10.
 1 APPPATH\Views\unidades\editar.php(10): CodeIgniter\Debug\Exceptions->errorHandler(2, 'Trying to access array offset on value of type null', 'APPPATH\\Views\\unidades\\editar.php', 10)
 2 SYSTEMPATH\View\View.php(213): include('APPPATH\\Views\\unidades\\editar.php')
 3 SYSTEMPATH\View\View.php(216): CodeIgniter\View\View->CodeIgniter\View\{closure}()
 4 SYSTEMPATH\Common.php(1135): CodeIgniter\View\View->render('unidades/editar', [], true)
 5 APPPATH\Controllers\Unidades.php(59): view('unidades/editar', [...])
 6 SYSTEMPATH\CodeIgniter.php(898): App\Controllers\Unidades->editar('FCPATH\\js', 'datatables-simple-demo.js')
 7 SYSTEMPATH\CodeIgniter.php(468): CodeIgniter\CodeIgniter->runController(Object(App\Controllers\Unidades))
 8 SYSTEMPATH\CodeIgniter.php(351): CodeIgniter\CodeIgniter->handleRequest(null, Object(Config\Cache), false)
 9 FCPATH\index.php(55): CodeIgniter\CodeIgniter->run()
CRITICAL - 2022-07-18 16:59:40 --> Trying to access array offset on value of type null
in APPPATH\Views\unidades\editar.php on line 10.
 1 APPPATH\Views\unidades\editar.php(10): CodeIgniter\Debug\Exceptions->errorHandler(2, 'Trying to access array offset on value of type null', 'APPPATH\\Views\\unidades\\editar.php', 10)
 2 SYSTEMPATH\View\View.php(213): include('APPPATH\\Views\\unidades\\editar.php')
 3 SYSTEMPATH\View\View.php(216): CodeIgniter\View\View->CodeIgniter\View\{closure}()
 4 SYSTEMPATH\Common.php(1135): CodeIgniter\View\View->render('unidades/editar', [], true)
 5 APPPATH\Controllers\Unidades.php(59): view('unidades/editar', [...])
 6 SYSTEMPATH\CodeIgniter.php(898): App\Controllers\Unidades->editar('FCPATH\\Logo.png')
 7 SYSTEMPATH\CodeIgniter.php(468): CodeIgniter\CodeIgniter->runController(Object(App\Controllers\Unidades))
 8 SYSTEMPATH\CodeIgniter.php(351): CodeIgniter\CodeIgniter->handleRequest(null, Object(Config\Cache), false)
 9 FCPATH\index.php(55): CodeIgniter\CodeIgniter->run()
CRITICAL - 2022-07-18 20:50:23 --> syntax error, unexpected token "if"
in APPPATH\Controllers\Unidades.php on line 58.
 1 SYSTEMPATH\Autoloader\Autoloader.php(261): CodeIgniter\Autoloader\Autoloader->includeFile('APPPATH\\Controllers\\Unidades.php')
 2 SYSTEMPATH\Autoloader\Autoloader.php(239): CodeIgniter\Autoloader\Autoloader->loadInNamespace('App\\Controllers\\Unidades')
 3 [internal function]: CodeIgniter\Autoloader\Autoloader->loadClass('App\\Controllers\\Unidades')
 4 SYSTEMPATH\CodeIgniter.php(848): class_exists('\\App\\Controllers\\Unidades', true)
 5 SYSTEMPATH\CodeIgniter.php(455): CodeIgniter\CodeIgniter->startController()
 6 SYSTEMPATH\CodeIgniter.php(351): CodeIgniter\CodeIgniter->handleRequest(null, Object(Config\Cache), false)
 7 FCPATH\index.php(55): CodeIgniter\CodeIgniter->run()
CRITICAL - 2022-07-18 20:51:13 --> syntax error, unexpected token "if"
in APPPATH\Controllers\Unidades.php on line 60.
 1 SYSTEMPATH\Autoloader\Autoloader.php(261): CodeIgniter\Autoloader\Autoloader->includeFile('APPPATH\\Controllers\\Unidades.php')
 2 SYSTEMPATH\Autoloader\Autoloader.php(239): CodeIgniter\Autoloader\Autoloader->loadInNamespace('App\\Controllers\\Unidades')
 3 [internal function]: CodeIgniter\Autoloader\Autoloader->loadClass('App\\Controllers\\Unidades')
 4 SYSTEMPATH\CodeIgniter.php(848): class_exists('\\App\\Controllers\\Unidades', true)
 5 SYSTEMPATH\CodeIgniter.php(455): CodeIgniter\CodeIgniter->startController()
 6 SYSTEMPATH\CodeIgniter.php(351): CodeIgniter\CodeIgniter->handleRequest(null, Object(Config\Cache), false)
 7 FCPATH\index.php(55): CodeIgniter\CodeIgniter->run()
CRITICAL - 2022-07-18 21:29:26 --> Undefined variable $unidad
in APPPATH\Views\unidades\editar.php on line 45.
 1 APPPATH\Views\unidades\editar.php(45): CodeIgniter\Debug\Exceptions->errorHandler(2, 'Undefined variable $unidad', 'APPPATH\\Views\\unidades\\editar.php', 45)
 2 SYSTEMPATH\View\View.php(213): include('APPPATH\\Views\\unidades\\editar.php')
 3 SYSTEMPATH\View\View.php(216): CodeIgniter\View\View->CodeIgniter\View\{closure}()
 4 SYSTEMPATH\Common.php(1135): CodeIgniter\View\View->render('unidades/editar', [], true)
 5 APPPATH\Controllers\Unidades.php(84): view('unidades/editar', [...])
 6 SYSTEMPATH\CodeIgniter.php(898): App\Controllers\Unidades->editar(' 21')
 7 SYSTEMPATH\CodeIgniter.php(468): CodeIgniter\CodeIgniter->runController(Object(App\Controllers\Unidades))
 8 SYSTEMPATH\CodeIgniter.php(351): CodeIgniter\CodeIgniter->handleRequest(null, Object(Config\Cache), false)
 9 FCPATH\index.php(55): CodeIgniter\CodeIgniter->run()
CRITICAL - 2022-07-18 21:29:26 --> Trying to access array offset on value of type null
in APPPATH\Views\unidades\editar.php on line 10.
 1 APPPATH\Views\unidades\editar.php(10): CodeIgniter\Debug\Exceptions->errorHandler(2, 'Trying to access array offset on value of type null', 'APPPATH\\Views\\unidades\\editar.php', 10)
 2 SYSTEMPATH\View\View.php(213): include('APPPATH\\Views\\unidades\\editar.php')
 3 SYSTEMPATH\View\View.php(216): CodeIgniter\View\View->CodeIgniter\View\{closure}()
 4 SYSTEMPATH\Common.php(1135): CodeIgniter\View\View->render('unidades/editar', [], true)
 5 APPPATH\Controllers\Unidades.php(84): view('unidades/editar', [...])
 6 SYSTEMPATH\CodeIgniter.php(898): App\Controllers\Unidades->editar('FCPATH\\Logo.png')
 7 SYSTEMPATH\CodeIgniter.php(468): CodeIgniter\CodeIgniter->runController(Object(App\Controllers\Unidades))
 8 SYSTEMPATH\CodeIgniter.php(351): CodeIgniter\CodeIgniter->handleRequest(null, Object(Config\Cache), false)
 9 FCPATH\index.php(55): CodeIgniter\CodeIgniter->run()
CRITICAL - 2022-07-18 21:29:54 --> Trying to access array offset on value of type null
in APPPATH\Views\unidades\editar.php on line 10.
 1 APPPATH\Views\unidades\editar.php(10): CodeIgniter\Debug\Exceptions->errorHandler(2, 'Trying to access array offset on value of type null', 'APPPATH\\Views\\unidades\\editar.php', 10)
 2 SYSTEMPATH\View\View.php(213): include('APPPATH\\Views\\unidades\\editar.php')
 3 SYSTEMPATH\View\View.php(216): CodeIgniter\View\View->CodeIgniter\View\{closure}()
 4 SYSTEMPATH\Common.php(1135): CodeIgniter\View\View->render('unidades/editar', [], true)
 5 APPPATH\Controllers\Unidades.php(84): view('unidades/editar', [...])
 6 SYSTEMPATH\CodeIgniter.php(898): App\Controllers\Unidades->editar('FCPATH\\js', 'scripts.js')
 7 SYSTEMPATH\CodeIgniter.php(468): CodeIgniter\CodeIgniter->runController(Object(App\Controllers\Unidades))
 8 SYSTEMPATH\CodeIgniter.php(351): CodeIgniter\CodeIgniter->handleRequest(null, Object(Config\Cache), false)
 9 FCPATH\index.php(55): CodeIgniter\CodeIgniter->run()
CRITICAL - 2022-07-18 21:29:54 --> Trying to access array offset on value of type null
in APPPATH\Views\unidades\editar.php on line 10.
 1 APPPATH\Views\unidades\editar.php(10): CodeIgniter\Debug\Exceptions->errorHandler(2, 'Trying to access array offset on value of type null', 'APPPATH\\Views\\unidades\\editar.php', 10)
 2 SYSTEMPATH\View\View.php(213): include('APPPATH\\Views\\unidades\\editar.php')
 3 SYSTEMPATH\View\View.php(216): CodeIgniter\View\View->CodeIgniter\View\{closure}()
 4 SYSTEMPATH\Common.php(1135): CodeIgniter\View\View->render('unidades/editar', [], true)
 5 APPPATH\Controllers\Unidades.php(84): view('unidades/editar', [...])
 6 SYSTEMPATH\CodeIgniter.php(898): App\Controllers\Unidades->editar('FCPATH\\js', 'datatables-simple-demo.js')
 7 SYSTEMPATH\CodeIgniter.php(468): CodeIgniter\CodeIgniter->runController(Object(App\Controllers\Unidades))
 8 SYSTEMPATH\CodeIgniter.php(351): CodeIgniter\CodeIgniter->handleRequest(null, Object(Config\Cache), false)
 9 FCPATH\index.php(55): CodeIgniter\CodeIgniter->run()
CRITICAL - 2022-07-18 21:29:54 --> Trying to access array offset on value of type null
in APPPATH\Views\unidades\editar.php on line 10.
 1 APPPATH\Views\unidades\editar.php(10): CodeIgniter\Debug\Exceptions->errorHandler(2, 'Trying to access array offset on value of type null', 'APPPATH\\Views\\unidades\\editar.php', 10)
 2 SYSTEMPATH\View\View.php(213): include('APPPATH\\Views\\unidades\\editar.php')
 3 SYSTEMPATH\View\View.php(216): CodeIgniter\View\View->CodeIgniter\View\{closure}()
 4 SYSTEMPATH\Common.php(1135): CodeIgniter\View\View->render('unidades/editar', [], true)
 5 APPPATH\Controllers\Unidades.php(84): view('unidades/editar', [...])
 6 SYSTEMPATH\CodeIgniter.php(898): App\Controllers\Unidades->editar('FCPATH\\Logo.png')
 7 SYSTEMPATH\CodeIgniter.php(468): CodeIgniter\CodeIgniter->runController(Object(App\Controllers\Unidades))
 8 SYSTEMPATH\CodeIgniter.php(351): CodeIgniter\CodeIgniter->handleRequest(null, Object(Config\Cache), false)
 9 FCPATH\index.php(55): CodeIgniter\CodeIgniter->run()
CRITICAL - 2022-07-18 21:30:05 --> Trying to access array offset on value of type null
in APPPATH\Views\unidades\editar.php on line 10.
 1 APPPATH\Views\unidades\editar.php(10): CodeIgniter\Debug\Exceptions->errorHandler(2, 'Trying to access array offset on value of type null', 'APPPATH\\Views\\unidades\\editar.php', 10)
 2 SYSTEMPATH\View\View.php(213): include('APPPATH\\Views\\unidades\\editar.php')
 3 SYSTEMPATH\View\View.php(216): CodeIgniter\View\View->CodeIgniter\View\{closure}()
 4 SYSTEMPATH\Common.php(1135): CodeIgniter\View\View->render('unidades/editar', [], true)
 5 APPPATH\Controllers\Unidades.php(84): view('unidades/editar', [...])
 6 SYSTEMPATH\CodeIgniter.php(898): App\Controllers\Unidades->editar('FCPATH\\js', 'scripts.js')
 7 SYSTEMPATH\CodeIgniter.php(468): CodeIgniter\CodeIgniter->runController(Object(App\Controllers\Unidades))
 8 SYSTEMPATH\CodeIgniter.php(351): CodeIgniter\CodeIgniter->handleRequest(null, Object(Config\Cache), false)
 9 FCPATH\index.php(55): CodeIgniter\CodeIgniter->run()
CRITICAL - 2022-07-18 21:30:05 --> Trying to access array offset on value of type null
in APPPATH\Views\unidades\editar.php on line 10.
 1 APPPATH\Views\unidades\editar.php(10): CodeIgniter\Debug\Exceptions->errorHandler(2, 'Trying to access array offset on value of type null', 'APPPATH\\Views\\unidades\\editar.php', 10)
 2 SYSTEMPATH\View\View.php(213): include('APPPATH\\Views\\unidades\\editar.php')
 3 SYSTEMPATH\View\View.php(216): CodeIgniter\View\View->CodeIgniter\View\{closure}()
 4 SYSTEMPATH\Common.php(1135): CodeIgniter\View\View->render('unidades/editar', [], true)
 5 APPPATH\Controllers\Unidades.php(84): view('unidades/editar', [...])
 6 SYSTEMPATH\CodeIgniter.php(898): App\Controllers\Unidades->editar('FCPATH\\js', 'datatables-simple-demo.js')
 7 SYSTEMPATH\CodeIgniter.php(468): CodeIgniter\CodeIgniter->runController(Object(App\Controllers\Unidades))
 8 SYSTEMPATH\CodeIgniter.php(351): CodeIgniter\CodeIgniter->handleRequest(null, Object(Config\Cache), false)
 9 FCPATH\index.php(55): CodeIgniter\CodeIgniter->run()
CRITICAL - 2022-07-18 21:30:05 --> Trying to access array offset on value of type null
in APPPATH\Views\unidades\editar.php on line 10.
 1 APPPATH\Views\unidades\editar.php(10): CodeIgniter\Debug\Exceptions->errorHandler(2, 'Trying to access array offset on value of type null', 'APPPATH\\Views\\unidades\\editar.php', 10)
 2 SYSTEMPATH\View\View.php(213): include('APPPATH\\Views\\unidades\\editar.php')
 3 SYSTEMPATH\View\View.php(216): CodeIgniter\View\View->CodeIgniter\View\{closure}()
 4 SYSTEMPATH\Common.php(1135): CodeIgniter\View\View->render('unidades/editar', [], true)
 5 APPPATH\Controllers\Unidades.php(84): view('unidades/editar', [...])
 6 SYSTEMPATH\CodeIgniter.php(898): App\Controllers\Unidades->editar('FCPATH\\Logo.png')
 7 SYSTEMPATH\CodeIgniter.php(468): CodeIgniter\CodeIgniter->runController(Object(App\Controllers\Unidades))
 8 SYSTEMPATH\CodeIgniter.php(351): CodeIgniter\CodeIgniter->handleRequest(null, Object(Config\Cache), false)
 9 FCPATH\index.php(55): CodeIgniter\CodeIgniter->run()
CRITICAL - 2022-07-18 21:30:15 --> Trying to access array offset on value of type null
in APPPATH\Views\unidades\editar.php on line 10.
 1 APPPATH\Views\unidades\editar.php(10): CodeIgniter\Debug\Exceptions->errorHandler(2, 'Trying to access array offset on value of type null', 'APPPATH\\Views\\unidades\\editar.php', 10)
 2 SYSTEMPATH\View\View.php(213): include('APPPATH\\Views\\unidades\\editar.php')
 3 SYSTEMPATH\View\View.php(216): CodeIgniter\View\View->CodeIgniter\View\{closure}()
 4 SYSTEMPATH\Common.php(1135): CodeIgniter\View\View->render('unidades/editar', [], true)
 5 APPPATH\Controllers\Unidades.php(84): view('unidades/editar', [...])
 6 SYSTEMPATH\CodeIgniter.php(898): App\Controllers\Unidades->editar('FCPATH\\js', 'scripts.js')
 7 SYSTEMPATH\CodeIgniter.php(468): CodeIgniter\CodeIgniter->runController(Object(App\Controllers\Unidades))
 8 SYSTEMPATH\CodeIgniter.php(351): CodeIgniter\CodeIgniter->handleRequest(null, Object(Config\Cache), false)
 9 FCPATH\index.php(55): CodeIgniter\CodeIgniter->run()
CRITICAL - 2022-07-18 21:30:15 --> Trying to access array offset on value of type null
in APPPATH\Views\unidades\editar.php on line 10.
 1 APPPATH\Views\unidades\editar.php(10): CodeIgniter\Debug\Exceptions->errorHandler(2, 'Trying to access array offset on value of type null', 'APPPATH\\Views\\unidades\\editar.php', 10)
 2 SYSTEMPATH\View\View.php(213): include('APPPATH\\Views\\unidades\\editar.php')
 3 SYSTEMPATH\View\View.php(216): CodeIgniter\View\View->CodeIgniter\View\{closure}()
 4 SYSTEMPATH\Common.php(1135): CodeIgniter\View\View->render('unidades/editar', [], true)
 5 APPPATH\Controllers\Unidades.php(84): view('unidades/editar', [...])
 6 SYSTEMPATH\CodeIgniter.php(898): App\Controllers\Unidades->editar('FCPATH\\js', 'datatables-simple-demo.js')
 7 SYSTEMPATH\CodeIgniter.php(468): CodeIgniter\CodeIgniter->runController(Object(App\Controllers\Unidades))
 8 SYSTEMPATH\CodeIgniter.php(351): CodeIgniter\CodeIgniter->handleRequest(null, Object(Config\Cache), false)
 9 FCPATH\index.php(55): CodeIgniter\CodeIgniter->run()
CRITICAL - 2022-07-18 21:30:15 --> Trying to access array offset on value of type null
in APPPATH\Views\unidades\editar.php on line 10.
 1 APPPATH\Views\unidades\editar.php(10): CodeIgniter\Debug\Exceptions->errorHandler(2, 'Trying to access array offset on value of type null', 'APPPATH\\Views\\unidades\\editar.php', 10)
 2 SYSTEMPATH\View\View.php(213): include('APPPATH\\Views\\unidades\\editar.php')
 3 SYSTEMPATH\View\View.php(216): CodeIgniter\View\View->CodeIgniter\View\{closure}()
 4 SYSTEMPATH\Common.php(1135): CodeIgniter\View\View->render('unidades/editar', [], true)
 5 APPPATH\Controllers\Unidades.php(84): view('unidades/editar', [...])
 6 SYSTEMPATH\CodeIgniter.php(898): App\Controllers\Unidades->editar('FCPATH\\Logo.png')
 7 SYSTEMPATH\CodeIgniter.php(468): CodeIgniter\CodeIgniter->runController(Object(App\Controllers\Unidades))
 8 SYSTEMPATH\CodeIgniter.php(351): CodeIgniter\CodeIgniter->handleRequest(null, Object(Config\Cache), false)
 9 FCPATH\index.php(55): CodeIgniter\CodeIgniter->run()
CRITICAL - 2022-07-18 21:30:30 --> Trying to access array offset on value of type null
in APPPATH\Views\unidades\editar.php on line 10.
 1 APPPATH\Views\unidades\editar.php(10): CodeIgniter\Debug\Exceptions->errorHandler(2, 'Trying to access array offset on value of type null', 'APPPATH\\Views\\unidades\\editar.php', 10)
 2 SYSTEMPATH\View\View.php(213): include('APPPATH\\Views\\unidades\\editar.php')
 3 SYSTEMPATH\View\View.php(216): CodeIgniter\View\View->CodeIgniter\View\{closure}()
 4 SYSTEMPATH\Common.php(1135): CodeIgniter\View\View->render('unidades/editar', [], true)
 5 APPPATH\Controllers\Unidades.php(84): view('unidades/editar', [...])
 6 SYSTEMPATH\CodeIgniter.php(898): App\Controllers\Unidades->editar('FCPATH\\js', 'scripts.js')
 7 SYSTEMPATH\CodeIgniter.php(468): CodeIgniter\CodeIgniter->runController(Object(App\Controllers\Unidades))
 8 SYSTEMPATH\CodeIgniter.php(351): CodeIgniter\CodeIgniter->handleRequest(null, Object(Config\Cache), false)
 9 FCPATH\index.php(55): CodeIgniter\CodeIgniter->run()
CRITICAL - 2022-07-18 21:30:30 --> Trying to access array offset on value of type null
in APPPATH\Views\unidades\editar.php on line 10.
 1 APPPATH\Views\unidades\editar.php(10): CodeIgniter\Debug\Exceptions->errorHandler(2, 'Trying to access array offset on value of type null', 'APPPATH\\Views\\unidades\\editar.php', 10)
 2 SYSTEMPATH\View\View.php(213): include('APPPATH\\Views\\unidades\\editar.php')
 3 SYSTEMPATH\View\View.php(216): CodeIgniter\View\View->CodeIgniter\View\{closure}()
 4 SYSTEMPATH\Common.php(1135): CodeIgniter\View\View->render('unidades/editar', [], true)
 5 APPPATH\Controllers\Unidades.php(84): view('unidades/editar', [...])
 6 SYSTEMPATH\CodeIgniter.php(898): App\Controllers\Unidades->editar('FCPATH\\js', 'datatables-simple-demo.js')
 7 SYSTEMPATH\CodeIgniter.php(468): CodeIgniter\CodeIgniter->runController(Object(App\Controllers\Unidades))
 8 SYSTEMPATH\CodeIgniter.php(351): CodeIgniter\CodeIgniter->handleRequest(null, Object(Config\Cache), false)
 9 FCPATH\index.php(55): CodeIgniter\CodeIgniter->run()
CRITICAL - 2022-07-18 21:30:30 --> Trying to access array offset on value of type null
in APPPATH\Views\unidades\editar.php on line 10.
 1 APPPATH\Views\unidades\editar.php(10): CodeIgniter\Debug\Exceptions->errorHandler(2, 'Trying to access array offset on value of type null', 'APPPATH\\Views\\unidades\\editar.php', 10)
 2 SYSTEMPATH\View\View.php(213): include('APPPATH\\Views\\unidades\\editar.php')
 3 SYSTEMPATH\View\View.php(216): CodeIgniter\View\View->CodeIgniter\View\{closure}()
 4 SYSTEMPATH\Common.php(1135): CodeIgniter\View\View->render('unidades/editar', [], true)
 5 APPPATH\Controllers\Unidades.php(84): view('unidades/editar', [...])
 6 SYSTEMPATH\CodeIgniter.php(898): App\Controllers\Unidades->editar('FCPATH\\Logo.png')
 7 SYSTEMPATH\CodeIgniter.php(468): CodeIgniter\CodeIgniter->runController(Object(App\Controllers\Unidades))
 8 SYSTEMPATH\CodeIgniter.php(351): CodeIgniter\CodeIgniter->handleRequest(null, Object(Config\Cache), false)
 9 FCPATH\index.php(55): CodeIgniter\CodeIgniter->run()
CRITICAL - 2022-07-18 21:30:44 --> Trying to access array offset on value of type null
in APPPATH\Views\unidades\editar.php on line 10.
 1 APPPATH\Views\unidades\editar.php(10): CodeIgniter\Debug\Exceptions->errorHandler(2, 'Trying to access array offset on value of type null', 'APPPATH\\Views\\unidades\\editar.php', 10)
 2 SYSTEMPATH\View\View.php(213): include('APPPATH\\Views\\unidades\\editar.php')
 3 SYSTEMPATH\View\View.php(216): CodeIgniter\View\View->CodeIgniter\View\{closure}()
 4 SYSTEMPATH\Common.php(1135): CodeIgniter\View\View->render('unidades/editar', [], true)
 5 APPPATH\Controllers\Unidades.php(84): view('unidades/editar', [...])
 6 SYSTEMPATH\CodeIgniter.php(898): App\Controllers\Unidades->editar('FCPATH\\js', 'scripts.js')
 7 SYSTEMPATH\CodeIgniter.php(468): CodeIgniter\CodeIgniter->runController(Object(App\Controllers\Unidades))
 8 SYSTEMPATH\CodeIgniter.php(351): CodeIgniter\CodeIgniter->handleRequest(null, Object(Config\Cache), false)
 9 FCPATH\index.php(55): CodeIgniter\CodeIgniter->run()
CRITICAL - 2022-07-18 21:30:44 --> Trying to access array offset on value of type null
in APPPATH\Views\unidades\editar.php on line 10.
 1 APPPATH\Views\unidades\editar.php(10): CodeIgniter\Debug\Exceptions->errorHandler(2, 'Trying to access array offset on value of type null', 'APPPATH\\Views\\unidades\\editar.php', 10)
 2 SYSTEMPATH\View\View.php(213): include('APPPATH\\Views\\unidades\\editar.php')
 3 SYSTEMPATH\View\View.php(216): CodeIgniter\View\View->CodeIgniter\View\{closure}()
 4 SYSTEMPATH\Common.php(1135): CodeIgniter\View\View->render('unidades/editar', [], true)
 5 APPPATH\Controllers\Unidades.php(84): view('unidades/editar', [...])
 6 SYSTEMPATH\CodeIgniter.php(898): App\Controllers\Unidades->editar('FCPATH\\js', 'datatables-simple-demo.js')
 7 SYSTEMPATH\CodeIgniter.php(468): CodeIgniter\CodeIgniter->runController(Object(App\Controllers\Unidades))
 8 SYSTEMPATH\CodeIgniter.php(351): CodeIgniter\CodeIgniter->handleRequest(null, Object(Config\Cache), false)
 9 FCPATH\index.php(55): CodeIgniter\CodeIgniter->run()
CRITICAL - 2022-07-18 21:30:44 --> Trying to access array offset on value of type null
in APPPATH\Views\unidades\editar.php on line 10.
 1 APPPATH\Views\unidades\editar.php(10): CodeIgniter\Debug\Exceptions->errorHandler(2, 'Trying to access array offset on value of type null', 'APPPATH\\Views\\unidades\\editar.php', 10)
 2 SYSTEMPATH\View\View.php(213): include('APPPATH\\Views\\unidades\\editar.php')
 3 SYSTEMPATH\View\View.php(216): CodeIgniter\View\View->CodeIgniter\View\{closure}()
 4 SYSTEMPATH\Common.php(1135): CodeIgniter\View\View->render('unidades/editar', [], true)
 5 APPPATH\Controllers\Unidades.php(84): view('unidades/editar', [...])
 6 SYSTEMPATH\CodeIgniter.php(898): App\Controllers\Unidades->editar('FCPATH\\Logo.png')
 7 SYSTEMPATH\CodeIgniter.php(468): CodeIgniter\CodeIgniter->runController(Object(App\Controllers\Unidades))
 8 SYSTEMPATH\CodeIgniter.php(351): CodeIgniter\CodeIgniter->handleRequest(null, Object(Config\Cache), false)
 9 FCPATH\index.php(55): CodeIgniter\CodeIgniter->run()
CRITICAL - 2022-07-18 21:31:07 --> Trying to access array offset on value of type null
in APPPATH\Views\unidades\editar.php on line 10.
 1 APPPATH\Views\unidades\editar.php(10): CodeIgniter\Debug\Exceptions->errorHandler(2, 'Trying to access array offset on value of type null', 'APPPATH\\Views\\unidades\\editar.php', 10)
 2 SYSTEMPATH\View\View.php(213): include('APPPATH\\Views\\unidades\\editar.php')
 3 SYSTEMPATH\View\View.php(216): CodeIgniter\View\View->CodeIgniter\View\{closure}()
 4 SYSTEMPATH\Common.php(1135): CodeIgniter\View\View->render('unidades/editar', [], true)
 5 APPPATH\Controllers\Unidades.php(84): view('unidades/editar', [...])
 6 SYSTEMPATH\CodeIgniter.php(898): App\Controllers\Unidades->editar('FCPATH\\js', 'scripts.js')
 7 SYSTEMPATH\CodeIgniter.php(468): CodeIgniter\CodeIgniter->runController(Object(App\Controllers\Unidades))
 8 SYSTEMPATH\CodeIgniter.php(351): CodeIgniter\CodeIgniter->handleRequest(null, Object(Config\Cache), false)
 9 FCPATH\index.php(55): CodeIgniter\CodeIgniter->run()
CRITICAL - 2022-07-18 21:31:07 --> Trying to access array offset on value of type null
in APPPATH\Views\unidades\editar.php on line 10.
 1 APPPATH\Views\unidades\editar.php(10): CodeIgniter\Debug\Exceptions->errorHandler(2, 'Trying to access array offset on value of type null', 'APPPATH\\Views\\unidades\\editar.php', 10)
 2 SYSTEMPATH\View\View.php(213): include('APPPATH\\Views\\unidades\\editar.php')
 3 SYSTEMPATH\View\View.php(216): CodeIgniter\View\View->CodeIgniter\View\{closure}()
 4 SYSTEMPATH\Common.php(1135): CodeIgniter\View\View->render('unidades/editar', [], true)
 5 APPPATH\Controllers\Unidades.php(84): view('unidades/editar', [...])
 6 SYSTEMPATH\CodeIgniter.php(898): App\Controllers\Unidades->editar('FCPATH\\js', 'datatables-simple-demo.js')
 7 SYSTEMPATH\CodeIgniter.php(468): CodeIgniter\CodeIgniter->runController(Object(App\Controllers\Unidades))
 8 SYSTEMPATH\CodeIgniter.php(351): CodeIgniter\CodeIgniter->handleRequest(null, Object(Config\Cache), false)
 9 FCPATH\index.php(55): CodeIgniter\CodeIgniter->run()
CRITICAL - 2022-07-18 21:31:07 --> Trying to access array offset on value of type null
in APPPATH\Views\unidades\editar.php on line 10.
 1 APPPATH\Views\unidades\editar.php(10): CodeIgniter\Debug\Exceptions->errorHandler(2, 'Trying to access array offset on value of type null', 'APPPATH\\Views\\unidades\\editar.php', 10)
 2 SYSTEMPATH\View\View.php(213): include('APPPATH\\Views\\unidades\\editar.php')
 3 SYSTEMPATH\View\View.php(216): CodeIgniter\View\View->CodeIgniter\View\{closure}()
 4 SYSTEMPATH\Common.php(1135): CodeIgniter\View\View->render('unidades/editar', [], true)
 5 APPPATH\Controllers\Unidades.php(84): view('unidades/editar', [...])
 6 SYSTEMPATH\CodeIgniter.php(898): App\Controllers\Unidades->editar('FCPATH\\Logo.png')
 7 SYSTEMPATH\CodeIgniter.php(468): CodeIgniter\CodeIgniter->runController(Object(App\Controllers\Unidades))
 8 SYSTEMPATH\CodeIgniter.php(351): CodeIgniter\CodeIgniter->handleRequest(null, Object(Config\Cache), false)
 9 FCPATH\index.php(55): CodeIgniter\CodeIgniter->run()
CRITICAL - 2022-07-18 21:32:14 --> Trying to access array offset on value of type null
in APPPATH\Views\unidades\editar.php on line 10.
 1 APPPATH\Views\unidades\editar.php(10): CodeIgniter\Debug\Exceptions->errorHandler(2, 'Trying to access array offset on value of type null', 'APPPATH\\Views\\unidades\\editar.php', 10)
 2 SYSTEMPATH\View\View.php(213): include('APPPATH\\Views\\unidades\\editar.php')
 3 SYSTEMPATH\View\View.php(216): CodeIgniter\View\View->CodeIgniter\View\{closure}()
 4 SYSTEMPATH\Common.php(1135): CodeIgniter\View\View->render('unidades/editar', [], true)
 5 APPPATH\Controllers\Unidades.php(84): view('unidades/editar', [...])
 6 SYSTEMPATH\CodeIgniter.php(898): App\Controllers\Unidades->editar('FCPATH\\js', 'scripts.js')
 7 SYSTEMPATH\CodeIgniter.php(468): CodeIgniter\CodeIgniter->runController(Object(App\Controllers\Unidades))
 8 SYSTEMPATH\CodeIgniter.php(351): CodeIgniter\CodeIgniter->handleRequest(null, Object(Config\Cache), false)
 9 FCPATH\index.php(55): CodeIgniter\CodeIgniter->run()
CRITICAL - 2022-07-18 21:32:14 --> Trying to access array offset on value of type null
in APPPATH\Views\unidades\editar.php on line 10.
 1 APPPATH\Views\unidades\editar.php(10): CodeIgniter\Debug\Exceptions->errorHandler(2, 'Trying to access array offset on value of type null', 'APPPATH\\Views\\unidades\\editar.php', 10)
 2 SYSTEMPATH\View\View.php(213): include('APPPATH\\Views\\unidades\\editar.php')
 3 SYSTEMPATH\View\View.php(216): CodeIgniter\View\View->CodeIgniter\View\{closure}()
 4 SYSTEMPATH\Common.php(1135): CodeIgniter\View\View->render('unidades/editar', [], true)
 5 APPPATH\Controllers\Unidades.php(84): view('unidades/editar', [...])
 6 SYSTEMPATH\CodeIgniter.php(898): App\Controllers\Unidades->editar('FCPATH\\js', 'datatables-simple-demo.js')
 7 SYSTEMPATH\CodeIgniter.php(468): CodeIgniter\CodeIgniter->runController(Object(App\Controllers\Unidades))
 8 SYSTEMPATH\CodeIgniter.php(351): CodeIgniter\CodeIgniter->handleRequest(null, Object(Config\Cache), false)
 9 FCPATH\index.php(55): CodeIgniter\CodeIgniter->run()
CRITICAL - 2022-07-18 21:32:14 --> Trying to access array offset on value of type null
in APPPATH\Views\unidades\editar.php on line 10.
 1 APPPATH\Views\unidades\editar.php(10): CodeIgniter\Debug\Exceptions->errorHandler(2, 'Trying to access array offset on value of type null', 'APPPATH\\Views\\unidades\\editar.php', 10)
 2 SYSTEMPATH\View\View.php(213): include('APPPATH\\Views\\unidades\\editar.php')
 3 SYSTEMPATH\View\View.php(216): CodeIgniter\View\View->CodeIgniter\View\{closure}()
 4 SYSTEMPATH\Common.php(1135): CodeIgniter\View\View->render('unidades/editar', [], true)
 5 APPPATH\Controllers\Unidades.php(84): view('unidades/editar', [...])
 6 SYSTEMPATH\CodeIgniter.php(898): App\Controllers\Unidades->editar('FCPATH\\Logo.png')
 7 SYSTEMPATH\CodeIgniter.php(468): CodeIgniter\CodeIgniter->runController(Object(App\Controllers\Unidades))
 8 SYSTEMPATH\CodeIgniter.php(351): CodeIgniter\CodeIgniter->handleRequest(null, Object(Config\Cache), false)
 9 FCPATH\index.php(55): CodeIgniter\CodeIgniter->run()
CRITICAL - 2022-07-18 21:32:15 --> Trying to access array offset on value of type null
in APPPATH\Views\unidades\editar.php on line 10.
 1 APPPATH\Views\unidades\editar.php(10): CodeIgniter\Debug\Exceptions->errorHandler(2, 'Trying to access array offset on value of type null', 'APPPATH\\Views\\unidades\\editar.php', 10)
 2 SYSTEMPATH\View\View.php(213): include('APPPATH\\Views\\unidades\\editar.php')
 3 SYSTEMPATH\View\View.php(216): CodeIgniter\View\View->CodeIgniter\View\{closure}()
 4 SYSTEMPATH\Common.php(1135): CodeIgniter\View\View->render('unidades/editar', [], true)
 5 APPPATH\Controllers\Unidades.php(84): view('unidades/editar', [...])
 6 SYSTEMPATH\CodeIgniter.php(898): App\Controllers\Unidades->editar('FCPATH\\Logo.png')
 7 SYSTEMPATH\CodeIgniter.php(468): CodeIgniter\CodeIgniter->runController(Object(App\Controllers\Unidades))
 8 SYSTEMPATH\CodeIgniter.php(351): CodeIgniter\CodeIgniter->handleRequest(null, Object(Config\Cache), false)
 9 FCPATH\index.php(55): CodeIgniter\CodeIgniter->run()
CRITICAL - 2022-07-18 21:32:15 --> Trying to access array offset on value of type null
in APPPATH\Views\unidades\editar.php on line 10.
 1 APPPATH\Views\unidades\editar.php(10): CodeIgniter\Debug\Exceptions->errorHandler(2, 'Trying to access array offset on value of type null', 'APPPATH\\Views\\unidades\\editar.php', 10)
 2 SYSTEMPATH\View\View.php(213): include('APPPATH\\Views\\unidades\\editar.php')
 3 SYSTEMPATH\View\View.php(216): CodeIgniter\View\View->CodeIgniter\View\{closure}()
 4 SYSTEMPATH\Common.php(1135): CodeIgniter\View\View->render('unidades/editar', [], true)
 5 APPPATH\Controllers\Unidades.php(84): view('unidades/editar', [...])
 6 SYSTEMPATH\CodeIgniter.php(898): App\Controllers\Unidades->editar('FCPATH\\js', 'scripts.js')
 7 SYSTEMPATH\CodeIgniter.php(468): CodeIgniter\CodeIgniter->runController(Object(App\Controllers\Unidades))
 8 SYSTEMPATH\CodeIgniter.php(351): CodeIgniter\CodeIgniter->handleRequest(null, Object(Config\Cache), false)
 9 FCPATH\index.php(55): CodeIgniter\CodeIgniter->run()
CRITICAL - 2022-07-18 21:32:15 --> Trying to access array offset on value of type null
in APPPATH\Views\unidades\editar.php on line 10.
 1 APPPATH\Views\unidades\editar.php(10): CodeIgniter\Debug\Exceptions->errorHandler(2, 'Trying to access array offset on value of type null', 'APPPATH\\Views\\unidades\\editar.php', 10)
 2 SYSTEMPATH\View\View.php(213): include('APPPATH\\Views\\unidades\\editar.php')
 3 SYSTEMPATH\View\View.php(216): CodeIgniter\View\View->CodeIgniter\View\{closure}()
 4 SYSTEMPATH\Common.php(1135): CodeIgniter\View\View->render('unidades/editar', [], true)
 5 APPPATH\Controllers\Unidades.php(84): view('unidades/editar', [...])
 6 SYSTEMPATH\CodeIgniter.php(898): App\Controllers\Unidades->editar('FCPATH\\js', 'datatables-simple-demo.js')
 7 SYSTEMPATH\CodeIgniter.php(468): CodeIgniter\CodeIgniter->runController(Object(App\Controllers\Unidades))
 8 SYSTEMPATH\CodeIgniter.php(351): CodeIgniter\CodeIgniter->handleRequest(null, Object(Config\Cache), false)
 9 FCPATH\index.php(55): CodeIgniter\CodeIgniter->run()
CRITICAL - 2022-07-18 21:32:20 --> Trying to access array offset on value of type null
in APPPATH\Views\unidades\editar.php on line 10.
 1 APPPATH\Views\unidades\editar.php(10): CodeIgniter\Debug\Exceptions->errorHandler(2, 'Trying to access array offset on value of type null', 'APPPATH\\Views\\unidades\\editar.php', 10)
 2 SYSTEMPATH\View\View.php(213): include('APPPATH\\Views\\unidades\\editar.php')
 3 SYSTEMPATH\View\View.php(216): CodeIgniter\View\View->CodeIgniter\View\{closure}()
 4 SYSTEMPATH\Common.php(1135): CodeIgniter\View\View->render('unidades/editar', [], true)
 5 APPPATH\Controllers\Unidades.php(84): view('unidades/editar', [...])
 6 SYSTEMPATH\CodeIgniter.php(898): App\Controllers\Unidades->editar('FCPATH\\Logo.png')
 7 SYSTEMPATH\CodeIgniter.php(468): CodeIgniter\CodeIgniter->runController(Object(App\Controllers\Unidades))
 8 SYSTEMPATH\CodeIgniter.php(351): CodeIgniter\CodeIgniter->handleRequest(null, Object(Config\Cache), false)
 9 FCPATH\index.php(55): CodeIgniter\CodeIgniter->run()
CRITICAL - 2022-07-18 21:32:20 --> Trying to access array offset on value of type null
in APPPATH\Views\unidades\editar.php on line 10.
 1 APPPATH\Views\unidades\editar.php(10): CodeIgniter\Debug\Exceptions->errorHandler(2, 'Trying to access array offset on value of type null', 'APPPATH\\Views\\unidades\\editar.php', 10)
 2 SYSTEMPATH\View\View.php(213): include('APPPATH\\Views\\unidades\\editar.php')
 3 SYSTEMPATH\View\View.php(216): CodeIgniter\View\View->CodeIgniter\View\{closure}()
 4 SYSTEMPATH\Common.php(1135): CodeIgniter\View\View->render('unidades/editar', [], true)
 5 APPPATH\Controllers\Unidades.php(84): view('unidades/editar', [...])
 6 SYSTEMPATH\CodeIgniter.php(898): App\Controllers\Unidades->editar('FCPATH\\js', 'scripts.js')
 7 SYSTEMPATH\CodeIgniter.php(468): CodeIgniter\CodeIgniter->runController(Object(App\Controllers\Unidades))
 8 SYSTEMPATH\CodeIgniter.php(351): CodeIgniter\CodeIgniter->handleRequest(null, Object(Config\Cache), false)
 9 FCPATH\index.php(55): CodeIgniter\CodeIgniter->run()
CRITICAL - 2022-07-18 21:32:21 --> Trying to access array offset on value of type null
in APPPATH\Views\unidades\editar.php on line 10.
 1 APPPATH\Views\unidades\editar.php(10): CodeIgniter\Debug\Exceptions->errorHandler(2, 'Trying to access array offset on value of type null', 'APPPATH\\Views\\unidades\\editar.php', 10)
 2 SYSTEMPATH\View\View.php(213): include('APPPATH\\Views\\unidades\\editar.php')
 3 SYSTEMPATH\View\View.php(216): CodeIgniter\View\View->CodeIgniter\View\{closure}()
 4 SYSTEMPATH\Common.php(1135): CodeIgniter\View\View->render('unidades/editar', [], true)
 5 APPPATH\Controllers\Unidades.php(84): view('unidades/editar', [...])
 6 SYSTEMPATH\CodeIgniter.php(898): App\Controllers\Unidades->editar('FCPATH\\js', 'datatables-simple-demo.js')
 7 SYSTEMPATH\CodeIgniter.php(468): CodeIgniter\CodeIgniter->runController(Object(App\Controllers\Unidades))
 8 SYSTEMPATH\CodeIgniter.php(351): CodeIgniter\CodeIgniter->handleRequest(null, Object(Config\Cache), false)
 9 FCPATH\index.php(55): CodeIgniter\CodeIgniter->run()
CRITICAL - 2022-07-18 21:32:32 --> Trying to access array offset on value of type null
in APPPATH\Views\unidades\editar.php on line 10.
 1 APPPATH\Views\unidades\editar.php(10): CodeIgniter\Debug\Exceptions->errorHandler(2, 'Trying to access array offset on value of type null', 'APPPATH\\Views\\unidades\\editar.php', 10)
 2 SYSTEMPATH\View\View.php(213): include('APPPATH\\Views\\unidades\\editar.php')
 3 SYSTEMPATH\View\View.php(216): CodeIgniter\View\View->CodeIgniter\View\{closure}()
 4 SYSTEMPATH\Common.php(1135): CodeIgniter\View\View->render('unidades/editar', [], true)
 5 APPPATH\Controllers\Unidades.php(84): view('unidades/editar', [...])
 6 SYSTEMPATH\CodeIgniter.php(898): App\Controllers\Unidades->editar('FCPATH\\Logo.png')
 7 SYSTEMPATH\CodeIgniter.php(468): CodeIgniter\CodeIgniter->runController(Object(App\Controllers\Unidades))
 8 SYSTEMPATH\CodeIgniter.php(351): CodeIgniter\CodeIgniter->handleRequest(null, Object(Config\Cache), false)
 9 FCPATH\index.php(55): CodeIgniter\CodeIgniter->run()
CRITICAL - 2022-07-18 21:32:32 --> Trying to access array offset on value of type null
in APPPATH\Views\unidades\editar.php on line 10.
 1 APPPATH\Views\unidades\editar.php(10): CodeIgniter\Debug\Exceptions->errorHandler(2, 'Trying to access array offset on value of type null', 'APPPATH\\Views\\unidades\\editar.php', 10)
 2 SYSTEMPATH\View\View.php(213): include('APPPATH\\Views\\unidades\\editar.php')
 3 SYSTEMPATH\View\View.php(216): CodeIgniter\View\View->CodeIgniter\View\{closure}()
 4 SYSTEMPATH\Common.php(1135): CodeIgniter\View\View->render('unidades/editar', [], true)
 5 APPPATH\Controllers\Unidades.php(84): view('unidades/editar', [...])
 6 SYSTEMPATH\CodeIgniter.php(898): App\Controllers\Unidades->editar('FCPATH\\js', 'scripts.js')
 7 SYSTEMPATH\CodeIgniter.php(468): CodeIgniter\CodeIgniter->runController(Object(App\Controllers\Unidades))
 8 SYSTEMPATH\CodeIgniter.php(351): CodeIgniter\CodeIgniter->handleRequest(null, Object(Config\Cache), false)
 9 FCPATH\index.php(55): CodeIgniter\CodeIgniter->run()
CRITICAL - 2022-07-18 21:32:32 --> Trying to access array offset on value of type null
in APPPATH\Views\unidades\editar.php on line 10.
 1 APPPATH\Views\unidades\editar.php(10): CodeIgniter\Debug\Exceptions->errorHandler(2, 'Trying to access array offset on value of type null', 'APPPATH\\Views\\unidades\\editar.php', 10)
 2 SYSTEMPATH\View\View.php(213): include('APPPATH\\Views\\unidades\\editar.php')
 3 SYSTEMPATH\View\View.php(216): CodeIgniter\View\View->CodeIgniter\View\{closure}()
 4 SYSTEMPATH\Common.php(1135): CodeIgniter\View\View->render('unidades/editar', [], true)
 5 APPPATH\Controllers\Unidades.php(84): view('unidades/editar', [...])
 6 SYSTEMPATH\CodeIgniter.php(898): App\Controllers\Unidades->editar('FCPATH\\js', 'datatables-simple-demo.js')
 7 SYSTEMPATH\CodeIgniter.php(468): CodeIgniter\CodeIgniter->runController(Object(App\Controllers\Unidades))
 8 SYSTEMPATH\CodeIgniter.php(351): CodeIgniter\CodeIgniter->handleRequest(null, Object(Config\Cache), false)
 9 FCPATH\index.php(55): CodeIgniter\CodeIgniter->run()
CRITICAL - 2022-07-18 21:35:23 --> Trying to access array offset on value of type null
in APPPATH\Views\unidades\editar.php on line 10.
 1 APPPATH\Views\unidades\editar.php(10): CodeIgniter\Debug\Exceptions->errorHandler(2, 'Trying to access array offset on value of type null', 'APPPATH\\Views\\unidades\\editar.php', 10)
 2 SYSTEMPATH\View\View.php(213): include('APPPATH\\Views\\unidades\\editar.php')
 3 SYSTEMPATH\View\View.php(216): CodeIgniter\View\View->CodeIgniter\View\{closure}()
 4 SYSTEMPATH\Common.php(1135): CodeIgniter\View\View->render('unidades/editar', [], true)
 5 APPPATH\Controllers\Unidades.php(84): view('unidades/editar', [...])
 6 SYSTEMPATH\CodeIgniter.php(898): App\Controllers\Unidades->editar('FCPATH\\Logo.png')
 7 SYSTEMPATH\CodeIgniter.php(468): CodeIgniter\CodeIgniter->runController(Object(App\Controllers\Unidades))
 8 SYSTEMPATH\CodeIgniter.php(351): CodeIgniter\CodeIgniter->handleRequest(null, Object(Config\Cache), false)
 9 FCPATH\index.php(55): CodeIgniter\CodeIgniter->run()
CRITICAL - 2022-07-18 21:35:23 --> Trying to access array offset on value of type null
in APPPATH\Views\unidades\editar.php on line 10.
 1 APPPATH\Views\unidades\editar.php(10): CodeIgniter\Debug\Exceptions->errorHandler(2, 'Trying to access array offset on value of type null', 'APPPATH\\Views\\unidades\\editar.php', 10)
 2 SYSTEMPATH\View\View.php(213): include('APPPATH\\Views\\unidades\\editar.php')
 3 SYSTEMPATH\View\View.php(216): CodeIgniter\View\View->CodeIgniter\View\{closure}()
 4 SYSTEMPATH\Common.php(1135): CodeIgniter\View\View->render('unidades/editar', [], true)
 5 APPPATH\Controllers\Unidades.php(84): view('unidades/editar', [...])
 6 SYSTEMPATH\CodeIgniter.php(898): App\Controllers\Unidades->editar('FCPATH\\js', 'scripts.js')
 7 SYSTEMPATH\CodeIgniter.php(468): CodeIgniter\CodeIgniter->runController(Object(App\Controllers\Unidades))
 8 SYSTEMPATH\CodeIgniter.php(351): CodeIgniter\CodeIgniter->handleRequest(null, Object(Config\Cache), false)
 9 FCPATH\index.php(55): CodeIgniter\CodeIgniter->run()
CRITICAL - 2022-07-18 21:35:23 --> Trying to access array offset on value of type null
in APPPATH\Views\unidades\editar.php on line 10.
 1 APPPATH\Views\unidades\editar.php(10): CodeIgniter\Debug\Exceptions->errorHandler(2, 'Trying to access array offset on value of type null', 'APPPATH\\Views\\unidades\\editar.php', 10)
 2 SYSTEMPATH\View\View.php(213): include('APPPATH\\Views\\unidades\\editar.php')
 3 SYSTEMPATH\View\View.php(216): CodeIgniter\View\View->CodeIgniter\View\{closure}()
 4 SYSTEMPATH\Common.php(1135): CodeIgniter\View\View->render('unidades/editar', [], true)
 5 APPPATH\Controllers\Unidades.php(84): view('unidades/editar', [...])
 6 SYSTEMPATH\CodeIgniter.php(898): App\Controllers\Unidades->editar('FCPATH\\js', 'datatables-simple-demo.js')
 7 SYSTEMPATH\CodeIgniter.php(468): CodeIgniter\CodeIgniter->runController(Object(App\Controllers\Unidades))
 8 SYSTEMPATH\CodeIgniter.php(351): CodeIgniter\CodeIgniter->handleRequest(null, Object(Config\Cache), false)
 9 FCPATH\index.php(55): CodeIgniter\CodeIgniter->run()
CRITICAL - 2022-07-18 21:39:46 --> Undefined array key "id"
in APPPATH\Views\unidades\unidades.php on line 34.
 1 APPPATH\Views\unidades\unidades.php(34): CodeIgniter\Debug\Exceptions->errorHandler(2, 'Undefined array key "id"', 'APPPATH\\Views\\unidades\\unidades.php', 34)
 2 SYSTEMPATH\View\View.php(213): include('APPPATH\\Views\\unidades\\unidades.php')
 3 SYSTEMPATH\View\View.php(216): CodeIgniter\View\View->CodeIgniter\View\{closure}()
 4 SYSTEMPATH\Common.php(1135): CodeIgniter\View\View->render('unidades/unidades', [], true)
 5 APPPATH\Controllers\Unidades.php(22): view('unidades/unidades', [...])
 6 SYSTEMPATH\CodeIgniter.php(898): App\Controllers\Unidades->index()
 7 SYSTEMPATH\CodeIgniter.php(468): CodeIgniter\CodeIgniter->runController(Object(App\Controllers\Unidades))
 8 SYSTEMPATH\CodeIgniter.php(351): CodeIgniter\CodeIgniter->handleRequest(null, Object(Config\Cache), false)
 9 FCPATH\index.php(55): CodeIgniter\CodeIgniter->run()
CRITICAL - 2022-07-18 22:23:17 --> There is no data to insert.
in SYSTEMPATH\BaseModel.php on line 718.
 1 SYSTEMPATH\BaseModel.php(718): CodeIgniter\Database\Exceptions\DataException::forEmptyDataset('insert')
 2 SYSTEMPATH\Model.php(666): CodeIgniter\BaseModel->insert([], false)
 3 SYSTEMPATH\BaseModel.php(658): CodeIgniter\Model->insert([...], false)
 4 APPPATH\Controllers\Compras.php(37): CodeIgniter\BaseModel->save([...])
 5 SYSTEMPATH\CodeIgniter.php(898): App\Controllers\Compras->insertar()
 6 SYSTEMPATH\CodeIgniter.php(468): CodeIgniter\CodeIgniter->runController(Object(App\Controllers\Compras))
 7 SYSTEMPATH\CodeIgniter.php(351): CodeIgniter\CodeIgniter->handleRequest(null, Object(Config\Cache), false)
 8 FCPATH\index.php(55): CodeIgniter\CodeIgniter->run()
CRITICAL - 2022-07-18 23:50:59 --> syntax error, unexpected token "}", expecting ";"
in APPPATH\Models\UnidadesModel.php on line 30.
 1 SYSTEMPATH\Autoloader\Autoloader.php(261): CodeIgniter\Autoloader\Autoloader->includeFile('APPPATH\\Models\\UnidadesModel.php')
 2 SYSTEMPATH\Autoloader\Autoloader.php(239): CodeIgniter\Autoloader\Autoloader->loadInNamespace('App\\Models\\UnidadesModel')
 3 APPPATH\Controllers\Unidades.php(13): CodeIgniter\Autoloader\Autoloader->loadClass('App\\Models\\UnidadesModel')
 4 SYSTEMPATH\CodeIgniter.php(860): App\Controllers\Unidades->__construct()
 5 SYSTEMPATH\CodeIgniter.php(459): CodeIgniter\CodeIgniter->createController()
 6 SYSTEMPATH\CodeIgniter.php(351): CodeIgniter\CodeIgniter->handleRequest(null, Object(Config\Cache), false)
 7 FCPATH\index.php(55): CodeIgniter\CodeIgniter->run()
CRITICAL - 2022-07-18 23:52:42 --> Undefined variable $total
in APPPATH\Controllers\Unidades.php on line 29.
 1 APPPATH\Controllers\Unidades.php(29): CodeIgniter\Debug\Exceptions->errorHandler(2, 'Undefined variable $total', 'APPPATH\\Controllers\\Unidades.php', 29)
 2 SYSTEMPATH\CodeIgniter.php(898): App\Controllers\Unidades->index2()
 3 SYSTEMPATH\CodeIgniter.php(468): CodeIgniter\CodeIgniter->runController(Object(App\Controllers\Unidades))
 4 SYSTEMPATH\CodeIgniter.php(351): CodeIgniter\CodeIgniter->handleRequest(null, Object(Config\Cache), false)
 5 FCPATH\index.php(55): CodeIgniter\CodeIgniter->run()
CRITICAL - 2022-07-18 23:53:36 --> Call to undefined method App\Controllers\Unidades::totalProductos()
in APPPATH\Controllers\Unidades.php on line 28.
 1 SYSTEMPATH\CodeIgniter.php(898): App\Controllers\Unidades->index2()
 2 SYSTEMPATH\CodeIgniter.php(468): CodeIgniter\CodeIgniter->runController(Object(App\Controllers\Unidades))
 3 SYSTEMPATH\CodeIgniter.php(351): CodeIgniter\CodeIgniter->handleRequest(null, Object(Config\Cache), false)
 4 FCPATH\index.php(55): CodeIgniter\CodeIgniter->run()
CRITICAL - 2022-07-18 23:53:38 --> Call to undefined method App\Controllers\Unidades::totalProductos()
in APPPATH\Controllers\Unidades.php on line 28.
 1 SYSTEMPATH\CodeIgniter.php(898): App\Controllers\Unidades->index2()
 2 SYSTEMPATH\CodeIgniter.php(468): CodeIgniter\CodeIgniter->runController(Object(App\Controllers\Unidades))
 3 SYSTEMPATH\CodeIgniter.php(351): CodeIgniter\CodeIgniter->handleRequest(null, Object(Config\Cache), false)
 4 FCPATH\index.php(55): CodeIgniter\CodeIgniter->run()
CRITICAL - 2022-07-18 23:55:46 --> Call to undefined method App\Models\UnidadesModel::countAllRessults
in SYSTEMPATH\Model.php on line 773.
 1 APPPATH\Models\UnidadesModel.php(30): CodeIgniter\Model->__call('countAllRessults', [])
 2 APPPATH\Controllers\Unidades.php(28): App\Models\UnidadesModel->totalProductos()
 3 SYSTEMPATH\CodeIgniter.php(898): App\Controllers\Unidades->index2()
 4 SYSTEMPATH\CodeIgniter.php(468): CodeIgniter\CodeIgniter->runController(Object(App\Controllers\Unidades))
 5 SYSTEMPATH\CodeIgniter.php(351): CodeIgniter\CodeIgniter->handleRequest(null, Object(Config\Cache), false)
 6 FCPATH\index.php(55): CodeIgniter\CodeIgniter->run()
CRITICAL - 2022-07-18 23:55:47 --> Call to undefined method App\Models\UnidadesModel::countAllRessults
in SYSTEMPATH\Model.php on line 773.
 1 APPPATH\Models\UnidadesModel.php(30): CodeIgniter\Model->__call('countAllRessults', [])
 2 APPPATH\Controllers\Unidades.php(28): App\Models\UnidadesModel->totalProductos()
 3 SYSTEMPATH\CodeIgniter.php(898): App\Controllers\Unidades->index2()
 4 SYSTEMPATH\CodeIgniter.php(468): CodeIgniter\CodeIgniter->runController(Object(App\Controllers\Unidades))
 5 SYSTEMPATH\CodeIgniter.php(351): CodeIgniter\CodeIgniter->handleRequest(null, Object(Config\Cache), false)
 6 FCPATH\index.php(55): CodeIgniter\CodeIgniter->run()
CRITICAL - 2022-07-18 23:56:50 --> Undefined variable $total
in APPPATH\Views\unidades\iniciop.php on line 12.
 1 APPPATH\Views\unidades\iniciop.php(12): CodeIgniter\Debug\Exceptions->errorHandler(2, 'Undefined variable $total', 'APPPATH\\Views\\unidades\\iniciop.php', 12)
 2 SYSTEMPATH\View\View.php(213): include('APPPATH\\Views\\unidades\\iniciop.php')
 3 SYSTEMPATH\View\View.php(216): CodeIgniter\View\View->CodeIgniter\View\{closure}()
 4 SYSTEMPATH\Common.php(1135): CodeIgniter\View\View->render('unidades/iniciop', [], true)
 5 APPPATH\Controllers\Unidades.php(33): view('unidades/iniciop', [...])
 6 SYSTEMPATH\CodeIgniter.php(898): App\Controllers\Unidades->index2()
 7 SYSTEMPATH\CodeIgniter.php(468): CodeIgniter\CodeIgniter->runController(Object(App\Controllers\Unidades))
 8 SYSTEMPATH\CodeIgniter.php(351): CodeIgniter\CodeIgniter->handleRequest(null, Object(Config\Cache), false)
 9 FCPATH\index.php(55): CodeIgniter\CodeIgniter->run()
