ERROR - 2022-07-09 18:18:33 --> Error connecting to the database: Access denied for user ''@'localhost' (using password: NO)
CRITICAL - 2022-07-09 18:18:33 --> Unable to connect to the database.
Main connection [MySQLi]: Access denied for user ''@'localhost' (using password: NO)
in SYSTEMPATH\Database\BaseConnection.php on line 415.
 1 SYSTEMPATH\Database\BaseConnection.php(585): CodeIgniter\Database\BaseConnection->initialize()
 2 SYSTEMPATH\Database\BaseBuilder.php(1585): CodeIgniter\Database\BaseConnection->query('SELECT *
FROM `unidades`
WHERE `activo` = :activo:', [...], false)
 3 SYSTEMPATH\Model.php(222): CodeIgniter\Database\BaseBuilder->get()
 4 SYSTEMPATH\BaseModel.php(584): CodeIgniter\Model->doFindAll(0, 0)
 5 APPPATH\Controllers\Unidades.php(18): CodeIgniter\BaseModel->findAll()
 6 SYSTEMPATH\CodeIgniter.php(898): App\Controllers\Unidades->index()
 7 SYSTEMPATH\CodeIgniter.php(468): CodeIgniter\CodeIgniter->runController(Object(App\Controllers\Unidades))
 8 SYSTEMPATH\CodeIgniter.php(351): CodeIgniter\CodeIgniter->handleRequest(null, Object(Config\Cache), false)
 9 FCPATH\index.php(55): CodeIgniter\CodeIgniter->run()
CRITICAL - 2022-07-09 19:06:17 --> Undefined variable $titulos
in APPPATH\Views\unidades\unidades.php on line 6.
 1 APPPATH\Views\unidades\unidades.php(6): CodeIgniter\Debug\Exceptions->errorHandler(2, 'Undefined variable $titulos', 'APPPATH\\Views\\unidades\\unidades.php', 6)
 2 SYSTEMPATH\View\View.php(213): include('APPPATH\\Views\\unidades\\unidades.php')
 3 SYSTEMPATH\View\View.php(216): CodeIgniter\View\View->CodeIgniter\View\{closure}()
 4 SYSTEMPATH\Common.php(1135): CodeIgniter\View\View->render('unidades/unidades', [], true)
 5 APPPATH\Controllers\Unidades.php(22): view('unidades/unidades', [...])
 6 SYSTEMPATH\CodeIgniter.php(898): App\Controllers\Unidades->index()
 7 SYSTEMPATH\CodeIgniter.php(468): CodeIgniter\CodeIgniter->runController(Object(App\Controllers\Unidades))
 8 SYSTEMPATH\CodeIgniter.php(351): CodeIgniter\CodeIgniter->handleRequest(null, Object(Config\Cache), false)
 9 FCPATH\index.php(55): CodeIgniter\CodeIgniter->run()
CRITICAL - 2022-07-09 22:24:59 --> Undefined variable $data
in APPPATH\Controllers\Unidades.php on line 30.
 1 APPPATH\Controllers\Unidades.php(30): CodeIgniter\Debug\Exceptions->errorHandler(2, 'Undefined variable $data', 'APPPATH\\Controllers\\Unidades.php', 30)
 2 SYSTEMPATH\CodeIgniter.php(898): App\Controllers\Unidades->nuevo()
 3 SYSTEMPATH\CodeIgniter.php(468): CodeIgniter\CodeIgniter->runController(Object(App\Controllers\Unidades))
 4 SYSTEMPATH\CodeIgniter.php(351): CodeIgniter\CodeIgniter->handleRequest(null, Object(Config\Cache), false)
 5 FCPATH\index.php(55): CodeIgniter\CodeIgniter->run()
CRITICAL - 2022-07-09 22:27:28 --> Cannot declare class App\Controllers\Unidades, because the name is already in use
in APPPATH\Controllers\Unidades.php on line 28.
 1 [internal function]: CodeIgniter\Debug\Exceptions->shutdownHandler()
CRITICAL - 2022-07-09 22:27:33 --> Cannot declare class App\Controllers\Unidades, because the name is already in use
in APPPATH\Controllers\Unidades.php on line 28.
 1 [internal function]: CodeIgniter\Debug\Exceptions->shutdownHandler()
CRITICAL - 2022-07-09 22:32:28 --> Undefined variable $datos
in APPPATH\Views\unidades\unidades.php on line 30.
 1 APPPATH\Views\unidades\unidades.php(30): CodeIgniter\Debug\Exceptions->errorHandler(2, 'Undefined variable $datos', 'APPPATH\\Views\\unidades\\unidades.php', 30)
 2 SYSTEMPATH\View\View.php(213): include('APPPATH\\Views\\unidades\\unidades.php')
 3 SYSTEMPATH\View\View.php(216): CodeIgniter\View\View->CodeIgniter\View\{closure}()
 4 SYSTEMPATH\Common.php(1135): CodeIgniter\View\View->render('unidades/unidades', [], true)
 5 APPPATH\Controllers\Unidades.php(31): view('unidades/unidades', [...])
 6 SYSTEMPATH\CodeIgniter.php(898): App\Controllers\Unidades->nuevo()
 7 SYSTEMPATH\CodeIgniter.php(468): CodeIgniter\CodeIgniter->runController(Object(App\Controllers\Unidades))
 8 SYSTEMPATH\CodeIgniter.php(351): CodeIgniter\CodeIgniter->handleRequest(null, Object(Config\Cache), false)
 9 FCPATH\index.php(55): CodeIgniter\CodeIgniter->run()
CRITICAL - 2022-07-09 22:32:29 --> Undefined variable $datos
in APPPATH\Views\unidades\unidades.php on line 30.
 1 APPPATH\Views\unidades\unidades.php(30): CodeIgniter\Debug\Exceptions->errorHandler(2, 'Undefined variable $datos', 'APPPATH\\Views\\unidades\\unidades.php', 30)
 2 SYSTEMPATH\View\View.php(213): include('APPPATH\\Views\\unidades\\unidades.php')
 3 SYSTEMPATH\View\View.php(216): CodeIgniter\View\View->CodeIgniter\View\{closure}()
 4 SYSTEMPATH\Common.php(1135): CodeIgniter\View\View->render('unidades/unidades', [], true)
 5 APPPATH\Controllers\Unidades.php(31): view('unidades/unidades', [...])
 6 SYSTEMPATH\CodeIgniter.php(898): App\Controllers\Unidades->nuevo()
 7 SYSTEMPATH\CodeIgniter.php(468): CodeIgniter\CodeIgniter->runController(Object(App\Controllers\Unidades))
 8 SYSTEMPATH\CodeIgniter.php(351): CodeIgniter\CodeIgniter->handleRequest(null, Object(Config\Cache), false)
 9 FCPATH\index.php(55): CodeIgniter\CodeIgniter->run()
CRITICAL - 2022-07-09 22:33:02 --> Undefined variable $datos
in APPPATH\Views\unidades\unidades.php on line 30.
 1 APPPATH\Views\unidades\unidades.php(30): CodeIgniter\Debug\Exceptions->errorHandler(2, 'Undefined variable $datos', 'APPPATH\\Views\\unidades\\unidades.php', 30)
 2 SYSTEMPATH\View\View.php(213): include('APPPATH\\Views\\unidades\\unidades.php')
 3 SYSTEMPATH\View\View.php(216): CodeIgniter\View\View->CodeIgniter\View\{closure}()
 4 SYSTEMPATH\Common.php(1135): CodeIgniter\View\View->render('unidades/unidades', [], true)
 5 APPPATH\Controllers\Unidades.php(31): view('unidades/unidades', [...])
 6 SYSTEMPATH\CodeIgniter.php(898): App\Controllers\Unidades->nuevo()
 7 SYSTEMPATH\CodeIgniter.php(468): CodeIgniter\CodeIgniter->runController(Object(App\Controllers\Unidades))
 8 SYSTEMPATH\CodeIgniter.php(351): CodeIgniter\CodeIgniter->handleRequest(null, Object(Config\Cache), false)
 9 FCPATH\index.php(55): CodeIgniter\CodeIgniter->run()
CRITICAL - 2022-07-09 22:33:49 --> Undefined variable $datos
in APPPATH\Views\unidades\unidades.php on line 30.
 1 APPPATH\Views\unidades\unidades.php(30): CodeIgniter\Debug\Exceptions->errorHandler(2, 'Undefined variable $datos', 'APPPATH\\Views\\unidades\\unidades.php', 30)
 2 SYSTEMPATH\View\View.php(213): include('APPPATH\\Views\\unidades\\unidades.php')
 3 SYSTEMPATH\View\View.php(216): CodeIgniter\View\View->CodeIgniter\View\{closure}()
 4 SYSTEMPATH\Common.php(1135): CodeIgniter\View\View->render('unidades/unidades', [], true)
 5 APPPATH\Controllers\Unidades.php(31): view('unidades/unidades', [...])
 6 SYSTEMPATH\CodeIgniter.php(898): App\Controllers\Unidades->nuevo()
 7 SYSTEMPATH\CodeIgniter.php(468): CodeIgniter\CodeIgniter->runController(Object(App\Controllers\Unidades))
 8 SYSTEMPATH\CodeIgniter.php(351): CodeIgniter\CodeIgniter->handleRequest(null, Object(Config\Cache), false)
 9 FCPATH\index.php(55): CodeIgniter\CodeIgniter->run()
CRITICAL - 2022-07-09 22:33:50 --> Undefined variable $datos
in APPPATH\Views\unidades\unidades.php on line 30.
 1 APPPATH\Views\unidades\unidades.php(30): CodeIgniter\Debug\Exceptions->errorHandler(2, 'Undefined variable $datos', 'APPPATH\\Views\\unidades\\unidades.php', 30)
 2 SYSTEMPATH\View\View.php(213): include('APPPATH\\Views\\unidades\\unidades.php')
 3 SYSTEMPATH\View\View.php(216): CodeIgniter\View\View->CodeIgniter\View\{closure}()
 4 SYSTEMPATH\Common.php(1135): CodeIgniter\View\View->render('unidades/unidades', [], true)
 5 APPPATH\Controllers\Unidades.php(31): view('unidades/unidades', [...])
 6 SYSTEMPATH\CodeIgniter.php(898): App\Controllers\Unidades->nuevo()
 7 SYSTEMPATH\CodeIgniter.php(468): CodeIgniter\CodeIgniter->runController(Object(App\Controllers\Unidades))
 8 SYSTEMPATH\CodeIgniter.php(351): CodeIgniter\CodeIgniter->handleRequest(null, Object(Config\Cache), false)
 9 FCPATH\index.php(55): CodeIgniter\CodeIgniter->run()
CRITICAL - 2022-07-09 22:37:03 --> Undefined variable $datos
in APPPATH\Views\unidades\unidades.php on line 30.
 1 APPPATH\Views\unidades\unidades.php(30): CodeIgniter\Debug\Exceptions->errorHandler(2, 'Undefined variable $datos', 'APPPATH\\Views\\unidades\\unidades.php', 30)
 2 SYSTEMPATH\View\View.php(213): include('APPPATH\\Views\\unidades\\unidades.php')
 3 SYSTEMPATH\View\View.php(216): CodeIgniter\View\View->CodeIgniter\View\{closure}()
 4 SYSTEMPATH\Common.php(1135): CodeIgniter\View\View->render('unidades/unidades', [], true)
 5 APPPATH\Controllers\Unidades.php(31): view('unidades/unidades', [...])
 6 SYSTEMPATH\CodeIgniter.php(898): App\Controllers\Unidades->nuevo()
 7 SYSTEMPATH\CodeIgniter.php(468): CodeIgniter\CodeIgniter->runController(Object(App\Controllers\Unidades))
 8 SYSTEMPATH\CodeIgniter.php(351): CodeIgniter\CodeIgniter->handleRequest(null, Object(Config\Cache), false)
 9 FCPATH\index.php(55): CodeIgniter\CodeIgniter->run()
CRITICAL - 2022-07-09 22:37:04 --> Undefined variable $datos
in APPPATH\Views\unidades\unidades.php on line 30.
 1 APPPATH\Views\unidades\unidades.php(30): CodeIgniter\Debug\Exceptions->errorHandler(2, 'Undefined variable $datos', 'APPPATH\\Views\\unidades\\unidades.php', 30)
 2 SYSTEMPATH\View\View.php(213): include('APPPATH\\Views\\unidades\\unidades.php')
 3 SYSTEMPATH\View\View.php(216): CodeIgniter\View\View->CodeIgniter\View\{closure}()
 4 SYSTEMPATH\Common.php(1135): CodeIgniter\View\View->render('unidades/unidades', [], true)
 5 APPPATH\Controllers\Unidades.php(31): view('unidades/unidades', [...])
 6 SYSTEMPATH\CodeIgniter.php(898): App\Controllers\Unidades->nuevo()
 7 SYSTEMPATH\CodeIgniter.php(468): CodeIgniter\CodeIgniter->runController(Object(App\Controllers\Unidades))
 8 SYSTEMPATH\CodeIgniter.php(351): CodeIgniter\CodeIgniter->handleRequest(null, Object(Config\Cache), false)
 9 FCPATH\index.php(55): CodeIgniter\CodeIgniter->run()
CRITICAL - 2022-07-09 22:37:05 --> Undefined variable $datos
in APPPATH\Views\unidades\unidades.php on line 30.
 1 APPPATH\Views\unidades\unidades.php(30): CodeIgniter\Debug\Exceptions->errorHandler(2, 'Undefined variable $datos', 'APPPATH\\Views\\unidades\\unidades.php', 30)
 2 SYSTEMPATH\View\View.php(213): include('APPPATH\\Views\\unidades\\unidades.php')
 3 SYSTEMPATH\View\View.php(216): CodeIgniter\View\View->CodeIgniter\View\{closure}()
 4 SYSTEMPATH\Common.php(1135): CodeIgniter\View\View->render('unidades/unidades', [], true)
 5 APPPATH\Controllers\Unidades.php(31): view('unidades/unidades', [...])
 6 SYSTEMPATH\CodeIgniter.php(898): App\Controllers\Unidades->nuevo()
 7 SYSTEMPATH\CodeIgniter.php(468): CodeIgniter\CodeIgniter->runController(Object(App\Controllers\Unidades))
 8 SYSTEMPATH\CodeIgniter.php(351): CodeIgniter\CodeIgniter->handleRequest(null, Object(Config\Cache), false)
 9 FCPATH\index.php(55): CodeIgniter\CodeIgniter->run()
CRITICAL - 2022-07-09 22:37:06 --> Undefined variable $datos
in APPPATH\Views\unidades\unidades.php on line 30.
 1 APPPATH\Views\unidades\unidades.php(30): CodeIgniter\Debug\Exceptions->errorHandler(2, 'Undefined variable $datos', 'APPPATH\\Views\\unidades\\unidades.php', 30)
 2 SYSTEMPATH\View\View.php(213): include('APPPATH\\Views\\unidades\\unidades.php')
 3 SYSTEMPATH\View\View.php(216): CodeIgniter\View\View->CodeIgniter\View\{closure}()
 4 SYSTEMPATH\Common.php(1135): CodeIgniter\View\View->render('unidades/unidades', [], true)
 5 APPPATH\Controllers\Unidades.php(31): view('unidades/unidades', [...])
 6 SYSTEMPATH\CodeIgniter.php(898): App\Controllers\Unidades->nuevo()
 7 SYSTEMPATH\CodeIgniter.php(468): CodeIgniter\CodeIgniter->runController(Object(App\Controllers\Unidades))
 8 SYSTEMPATH\CodeIgniter.php(351): CodeIgniter\CodeIgniter->handleRequest(null, Object(Config\Cache), false)
 9 FCPATH\index.php(55): CodeIgniter\CodeIgniter->run()
CRITICAL - 2022-07-09 22:37:07 --> Undefined variable $datos
in APPPATH\Views\unidades\unidades.php on line 30.
 1 APPPATH\Views\unidades\unidades.php(30): CodeIgniter\Debug\Exceptions->errorHandler(2, 'Undefined variable $datos', 'APPPATH\\Views\\unidades\\unidades.php', 30)
 2 SYSTEMPATH\View\View.php(213): include('APPPATH\\Views\\unidades\\unidades.php')
 3 SYSTEMPATH\View\View.php(216): CodeIgniter\View\View->CodeIgniter\View\{closure}()
 4 SYSTEMPATH\Common.php(1135): CodeIgniter\View\View->render('unidades/unidades', [], true)
 5 APPPATH\Controllers\Unidades.php(31): view('unidades/unidades', [...])
 6 SYSTEMPATH\CodeIgniter.php(898): App\Controllers\Unidades->nuevo()
 7 SYSTEMPATH\CodeIgniter.php(468): CodeIgniter\CodeIgniter->runController(Object(App\Controllers\Unidades))
 8 SYSTEMPATH\CodeIgniter.php(351): CodeIgniter\CodeIgniter->handleRequest(null, Object(Config\Cache), false)
 9 FCPATH\index.php(55): CodeIgniter\CodeIgniter->run()
CRITICAL - 2022-07-09 22:37:38 --> Undefined variable $titulo
in APPPATH\Views\unidades\unidades.php on line 6.
 1 APPPATH\Views\unidades\unidades.php(6): CodeIgniter\Debug\Exceptions->errorHandler(2, 'Undefined variable $titulo', 'APPPATH\\Views\\unidades\\unidades.php', 6)
 2 SYSTEMPATH\View\View.php(213): include('APPPATH\\Views\\unidades\\unidades.php')
 3 SYSTEMPATH\View\View.php(216): CodeIgniter\View\View->CodeIgniter\View\{closure}()
 4 SYSTEMPATH\Common.php(1135): CodeIgniter\View\View->render('unidades/unidades', [], true)
 5 APPPATH\Controllers\Unidades.php(31): view('unidades/unidades')
 6 SYSTEMPATH\CodeIgniter.php(898): App\Controllers\Unidades->nuevo()
 7 SYSTEMPATH\CodeIgniter.php(468): CodeIgniter\CodeIgniter->runController(Object(App\Controllers\Unidades))
 8 SYSTEMPATH\CodeIgniter.php(351): CodeIgniter\CodeIgniter->handleRequest(null, Object(Config\Cache), false)
 9 FCPATH\index.php(55): CodeIgniter\CodeIgniter->run()
CRITICAL - 2022-07-09 22:37:39 --> Undefined variable $titulo
in APPPATH\Views\unidades\unidades.php on line 6.
 1 APPPATH\Views\unidades\unidades.php(6): CodeIgniter\Debug\Exceptions->errorHandler(2, 'Undefined variable $titulo', 'APPPATH\\Views\\unidades\\unidades.php', 6)
 2 SYSTEMPATH\View\View.php(213): include('APPPATH\\Views\\unidades\\unidades.php')
 3 SYSTEMPATH\View\View.php(216): CodeIgniter\View\View->CodeIgniter\View\{closure}()
 4 SYSTEMPATH\Common.php(1135): CodeIgniter\View\View->render('unidades/unidades', [], true)
 5 APPPATH\Controllers\Unidades.php(31): view('unidades/unidades')
 6 SYSTEMPATH\CodeIgniter.php(898): App\Controllers\Unidades->nuevo()
 7 SYSTEMPATH\CodeIgniter.php(468): CodeIgniter\CodeIgniter->runController(Object(App\Controllers\Unidades))
 8 SYSTEMPATH\CodeIgniter.php(351): CodeIgniter\CodeIgniter->handleRequest(null, Object(Config\Cache), false)
 9 FCPATH\index.php(55): CodeIgniter\CodeIgniter->run()
CRITICAL - 2022-07-09 22:38:08 --> Undefined variable $titulo
in APPPATH\Views\unidades\unidades.php on line 6.
 1 APPPATH\Views\unidades\unidades.php(6): CodeIgniter\Debug\Exceptions->errorHandler(2, 'Undefined variable $titulo', 'APPPATH\\Views\\unidades\\unidades.php', 6)
 2 SYSTEMPATH\View\View.php(213): include('APPPATH\\Views\\unidades\\unidades.php')
 3 SYSTEMPATH\View\View.php(216): CodeIgniter\View\View->CodeIgniter\View\{closure}()
 4 SYSTEMPATH\Common.php(1135): CodeIgniter\View\View->render('unidades/unidades', [], true)
 5 APPPATH\Controllers\Unidades.php(31): view('unidades/unidades')
 6 SYSTEMPATH\CodeIgniter.php(898): App\Controllers\Unidades->nuevo()
 7 SYSTEMPATH\CodeIgniter.php(468): CodeIgniter\CodeIgniter->runController(Object(App\Controllers\Unidades))
 8 SYSTEMPATH\CodeIgniter.php(351): CodeIgniter\CodeIgniter->handleRequest(null, Object(Config\Cache), false)
 9 FCPATH\index.php(55): CodeIgniter\CodeIgniter->run()
CRITICAL - 2022-07-09 22:38:09 --> Undefined variable $titulo
in APPPATH\Views\unidades\unidades.php on line 6.
 1 APPPATH\Views\unidades\unidades.php(6): CodeIgniter\Debug\Exceptions->errorHandler(2, 'Undefined variable $titulo', 'APPPATH\\Views\\unidades\\unidades.php', 6)
 2 SYSTEMPATH\View\View.php(213): include('APPPATH\\Views\\unidades\\unidades.php')
 3 SYSTEMPATH\View\View.php(216): CodeIgniter\View\View->CodeIgniter\View\{closure}()
 4 SYSTEMPATH\Common.php(1135): CodeIgniter\View\View->render('unidades/unidades', [], true)
 5 APPPATH\Controllers\Unidades.php(31): view('unidades/unidades')
 6 SYSTEMPATH\CodeIgniter.php(898): App\Controllers\Unidades->nuevo()
 7 SYSTEMPATH\CodeIgniter.php(468): CodeIgniter\CodeIgniter->runController(Object(App\Controllers\Unidades))
 8 SYSTEMPATH\CodeIgniter.php(351): CodeIgniter\CodeIgniter->handleRequest(null, Object(Config\Cache), false)
 9 FCPATH\index.php(55): CodeIgniter\CodeIgniter->run()
CRITICAL - 2022-07-09 22:38:09 --> Undefined variable $titulo
in APPPATH\Views\unidades\unidades.php on line 6.
 1 APPPATH\Views\unidades\unidades.php(6): CodeIgniter\Debug\Exceptions->errorHandler(2, 'Undefined variable $titulo', 'APPPATH\\Views\\unidades\\unidades.php', 6)
 2 SYSTEMPATH\View\View.php(213): include('APPPATH\\Views\\unidades\\unidades.php')
 3 SYSTEMPATH\View\View.php(216): CodeIgniter\View\View->CodeIgniter\View\{closure}()
 4 SYSTEMPATH\Common.php(1135): CodeIgniter\View\View->render('unidades/unidades', [], true)
 5 APPPATH\Controllers\Unidades.php(31): view('unidades/unidades')
 6 SYSTEMPATH\CodeIgniter.php(898): App\Controllers\Unidades->nuevo()
 7 SYSTEMPATH\CodeIgniter.php(468): CodeIgniter\CodeIgniter->runController(Object(App\Controllers\Unidades))
 8 SYSTEMPATH\CodeIgniter.php(351): CodeIgniter\CodeIgniter->handleRequest(null, Object(Config\Cache), false)
 9 FCPATH\index.php(55): CodeIgniter\CodeIgniter->run()
CRITICAL - 2022-07-09 22:44:45 --> Undefined variable $titulo
in APPPATH\Views\unidades\unidades.php on line 6.
 1 APPPATH\Views\unidades\unidades.php(6): CodeIgniter\Debug\Exceptions->errorHandler(2, 'Undefined variable $titulo', 'APPPATH\\Views\\unidades\\unidades.php', 6)
 2 SYSTEMPATH\View\View.php(213): include('APPPATH\\Views\\unidades\\unidades.php')
 3 SYSTEMPATH\View\View.php(216): CodeIgniter\View\View->CodeIgniter\View\{closure}()
 4 SYSTEMPATH\Common.php(1135): CodeIgniter\View\View->render('unidades/unidades', [], true)
 5 APPPATH\Controllers\Unidades.php(31): view('unidades/unidades')
 6 SYSTEMPATH\CodeIgniter.php(898): App\Controllers\Unidades->nuevo()
 7 SYSTEMPATH\CodeIgniter.php(468): CodeIgniter\CodeIgniter->runController(Object(App\Controllers\Unidades))
 8 SYSTEMPATH\CodeIgniter.php(351): CodeIgniter\CodeIgniter->handleRequest(null, Object(Config\Cache), false)
 9 FCPATH\index.php(55): CodeIgniter\CodeIgniter->run()
CRITICAL - 2022-07-09 22:45:38 --> Cannot redeclare App\Controllers\Unidades::index()
in APPPATH\Controllers\Unidades.php on line 26.
 1 [internal function]: CodeIgniter\Debug\Exceptions->shutdownHandler()
