CRITICAL - 2022-07-12 16:41:19 --> Cannot redeclare App\Controllers\Unidades::insertar()
in APPPATH\Controllers\Unidades.php on line 52.
 1 [internal function]: CodeIgniter\Debug\Exceptions->shutdownHandler()
CRITICAL - 2022-07-12 16:45:43 --> Undefined variable $id
in APPPATH\Controllers\Unidades.php on line 44.
 1 APPPATH\Controllers\Unidades.php(44): CodeIgniter\Debug\Exceptions->errorHandler(2, 'Undefined variable $id', 'APPPATH\\Controllers\\Unidades.php', 44)
 2 SYSTEMPATH\CodeIgniter.php(898): App\Controllers\Unidades->editar()
 3 SYSTEMPATH\CodeIgniter.php(468): CodeIgniter\CodeIgniter->runController(Object(App\Controllers\Unidades))
 4 SYSTEMPATH\CodeIgniter.php(351): CodeIgniter\CodeIgniter->handleRequest(null, Object(Config\Cache), false)
 5 FCPATH\index.php(55): CodeIgniter\CodeIgniter->run()
CRITICAL - 2022-07-12 16:47:03 --> Too few arguments to function App\Controllers\Unidades::editar(), 0 passed in C:\xampp\htdocs\pos\system\CodeIgniter.php on line 898 and exactly 1 expected
in APPPATH\Controllers\Unidades.php on line 42.
 1 SYSTEMPATH\CodeIgniter.php(898): App\Controllers\Unidades->editar()
 2 SYSTEMPATH\CodeIgniter.php(468): CodeIgniter\CodeIgniter->runController(Object(App\Controllers\Unidades))
 3 SYSTEMPATH\CodeIgniter.php(351): CodeIgniter\CodeIgniter->handleRequest(null, Object(Config\Cache), false)
 4 FCPATH\index.php(55): CodeIgniter\CodeIgniter->run()
CRITICAL - 2022-07-12 16:51:39 --> Too few arguments to function App\Controllers\Unidades::editar(), 0 passed in C:\xampp\htdocs\pos\system\CodeIgniter.php on line 898 and exactly 1 expected
in APPPATH\Controllers\Unidades.php on line 42.
 1 SYSTEMPATH\CodeIgniter.php(898): App\Controllers\Unidades->editar()
 2 SYSTEMPATH\CodeIgniter.php(468): CodeIgniter\CodeIgniter->runController(Object(App\Controllers\Unidades))
 3 SYSTEMPATH\CodeIgniter.php(351): CodeIgniter\CodeIgniter->handleRequest(null, Object(Config\Cache), false)
 4 FCPATH\index.php(55): CodeIgniter\CodeIgniter->run()
CRITICAL - 2022-07-12 16:54:39 --> Too few arguments to function App\Controllers\Unidades::editar(), 0 passed in C:\xampp\htdocs\pos\system\CodeIgniter.php on line 898 and exactly 1 expected
in APPPATH\Controllers\Unidades.php on line 42.
 1 SYSTEMPATH\CodeIgniter.php(898): App\Controllers\Unidades->editar()
 2 SYSTEMPATH\CodeIgniter.php(468): CodeIgniter\CodeIgniter->runController(Object(App\Controllers\Unidades))
 3 SYSTEMPATH\CodeIgniter.php(351): CodeIgniter\CodeIgniter->handleRequest(null, Object(Config\Cache), false)
 4 FCPATH\index.php(55): CodeIgniter\CodeIgniter->run()
CRITICAL - 2022-07-12 16:54:40 --> Too few arguments to function App\Controllers\Unidades::editar(), 0 passed in C:\xampp\htdocs\pos\system\CodeIgniter.php on line 898 and exactly 1 expected
in APPPATH\Controllers\Unidades.php on line 42.
 1 SYSTEMPATH\CodeIgniter.php(898): App\Controllers\Unidades->editar()
 2 SYSTEMPATH\CodeIgniter.php(468): CodeIgniter\CodeIgniter->runController(Object(App\Controllers\Unidades))
 3 SYSTEMPATH\CodeIgniter.php(351): CodeIgniter\CodeIgniter->handleRequest(null, Object(Config\Cache), false)
 4 FCPATH\index.php(55): CodeIgniter\CodeIgniter->run()
CRITICAL - 2022-07-12 16:55:20 --> Too few arguments to function App\Controllers\Unidades::editar(), 0 passed in C:\xampp\htdocs\pos\system\CodeIgniter.php on line 898 and exactly 1 expected
in APPPATH\Controllers\Unidades.php on line 42.
 1 SYSTEMPATH\CodeIgniter.php(898): App\Controllers\Unidades->editar()
 2 SYSTEMPATH\CodeIgniter.php(468): CodeIgniter\CodeIgniter->runController(Object(App\Controllers\Unidades))
 3 SYSTEMPATH\CodeIgniter.php(351): CodeIgniter\CodeIgniter->handleRequest(null, Object(Config\Cache), false)
 4 FCPATH\index.php(55): CodeIgniter\CodeIgniter->run()
CRITICAL - 2022-07-12 16:55:21 --> Too few arguments to function App\Controllers\Unidades::editar(), 0 passed in C:\xampp\htdocs\pos\system\CodeIgniter.php on line 898 and exactly 1 expected
in APPPATH\Controllers\Unidades.php on line 42.
 1 SYSTEMPATH\CodeIgniter.php(898): App\Controllers\Unidades->editar()
 2 SYSTEMPATH\CodeIgniter.php(468): CodeIgniter\CodeIgniter->runController(Object(App\Controllers\Unidades))
 3 SYSTEMPATH\CodeIgniter.php(351): CodeIgniter\CodeIgniter->handleRequest(null, Object(Config\Cache), false)
 4 FCPATH\index.php(55): CodeIgniter\CodeIgniter->run()
CRITICAL - 2022-07-12 16:57:27 --> Too few arguments to function App\Controllers\Unidades::editar(), 0 passed in C:\xampp\htdocs\pos\system\CodeIgniter.php on line 898 and exactly 1 expected
in APPPATH\Controllers\Unidades.php on line 42.
 1 SYSTEMPATH\CodeIgniter.php(898): App\Controllers\Unidades->editar()
 2 SYSTEMPATH\CodeIgniter.php(468): CodeIgniter\CodeIgniter->runController(Object(App\Controllers\Unidades))
 3 SYSTEMPATH\CodeIgniter.php(351): CodeIgniter\CodeIgniter->handleRequest(null, Object(Config\Cache), false)
 4 FCPATH\index.php(55): CodeIgniter\CodeIgniter->run()
CRITICAL - 2022-07-12 16:57:39 --> Too few arguments to function App\Controllers\Unidades::editar(), 0 passed in C:\xampp\htdocs\pos\system\CodeIgniter.php on line 898 and exactly 1 expected
in APPPATH\Controllers\Unidades.php on line 42.
 1 SYSTEMPATH\CodeIgniter.php(898): App\Controllers\Unidades->editar()
 2 SYSTEMPATH\CodeIgniter.php(468): CodeIgniter\CodeIgniter->runController(Object(App\Controllers\Unidades))
 3 SYSTEMPATH\CodeIgniter.php(351): CodeIgniter\CodeIgniter->handleRequest(null, Object(Config\Cache), false)
 4 FCPATH\index.php(55): CodeIgniter\CodeIgniter->run()
CRITICAL - 2022-07-12 16:58:17 --> syntax error, unexpected token "+", expecting ")"
in APPPATH\Controllers\Unidades.php on line 42.
 1 SYSTEMPATH\Autoloader\Autoloader.php(261): CodeIgniter\Autoloader\Autoloader->includeFile('APPPATH\\Controllers\\Unidades.php')
 2 SYSTEMPATH\Autoloader\Autoloader.php(239): CodeIgniter\Autoloader\Autoloader->loadInNamespace('App\\Controllers\\Unidades')
 3 [internal function]: CodeIgniter\Autoloader\Autoloader->loadClass('App\\Controllers\\Unidades')
 4 SYSTEMPATH\CodeIgniter.php(848): class_exists('\\App\\Controllers\\Unidades', true)
 5 SYSTEMPATH\CodeIgniter.php(455): CodeIgniter\CodeIgniter->startController()
 6 SYSTEMPATH\CodeIgniter.php(351): CodeIgniter\CodeIgniter->handleRequest(null, Object(Config\Cache), false)
 7 FCPATH\index.php(55): CodeIgniter\CodeIgniter->run()
CRITICAL - 2022-07-12 16:58:19 --> syntax error, unexpected token "+", expecting ")"
in APPPATH\Controllers\Unidades.php on line 42.
 1 SYSTEMPATH\Autoloader\Autoloader.php(261): CodeIgniter\Autoloader\Autoloader->includeFile('APPPATH\\Controllers\\Unidades.php')
 2 SYSTEMPATH\Autoloader\Autoloader.php(239): CodeIgniter\Autoloader\Autoloader->loadInNamespace('App\\Controllers\\Unidades')
 3 [internal function]: CodeIgniter\Autoloader\Autoloader->loadClass('App\\Controllers\\Unidades')
 4 SYSTEMPATH\CodeIgniter.php(848): class_exists('\\App\\Controllers\\Unidades', true)
 5 SYSTEMPATH\CodeIgniter.php(455): CodeIgniter\CodeIgniter->startController()
 6 SYSTEMPATH\CodeIgniter.php(351): CodeIgniter\CodeIgniter->handleRequest(null, Object(Config\Cache), false)
 7 FCPATH\index.php(55): CodeIgniter\CodeIgniter->run()
CRITICAL - 2022-07-12 16:58:22 --> syntax error, unexpected token "+", expecting ")"
in APPPATH\Controllers\Unidades.php on line 42.
 1 SYSTEMPATH\Autoloader\Autoloader.php(261): CodeIgniter\Autoloader\Autoloader->includeFile('APPPATH\\Controllers\\Unidades.php')
 2 SYSTEMPATH\Autoloader\Autoloader.php(239): CodeIgniter\Autoloader\Autoloader->loadInNamespace('App\\Controllers\\Unidades')
 3 [internal function]: CodeIgniter\Autoloader\Autoloader->loadClass('App\\Controllers\\Unidades')
 4 SYSTEMPATH\CodeIgniter.php(848): class_exists('\\App\\Controllers\\Unidades', true)
 5 SYSTEMPATH\CodeIgniter.php(455): CodeIgniter\CodeIgniter->startController()
 6 SYSTEMPATH\CodeIgniter.php(351): CodeIgniter\CodeIgniter->handleRequest(null, Object(Config\Cache), false)
 7 FCPATH\index.php(55): CodeIgniter\CodeIgniter->run()
CRITICAL - 2022-07-12 16:58:23 --> syntax error, unexpected token "+", expecting ")"
in APPPATH\Controllers\Unidades.php on line 42.
 1 SYSTEMPATH\Autoloader\Autoloader.php(261): CodeIgniter\Autoloader\Autoloader->includeFile('APPPATH\\Controllers\\Unidades.php')
 2 SYSTEMPATH\Autoloader\Autoloader.php(239): CodeIgniter\Autoloader\Autoloader->loadInNamespace('App\\Controllers\\Unidades')
 3 [internal function]: CodeIgniter\Autoloader\Autoloader->loadClass('App\\Controllers\\Unidades')
 4 SYSTEMPATH\CodeIgniter.php(848): class_exists('\\App\\Controllers\\Unidades', true)
 5 SYSTEMPATH\CodeIgniter.php(455): CodeIgniter\CodeIgniter->startController()
 6 SYSTEMPATH\CodeIgniter.php(351): CodeIgniter\CodeIgniter->handleRequest(null, Object(Config\Cache), false)
 7 FCPATH\index.php(55): CodeIgniter\CodeIgniter->run()
CRITICAL - 2022-07-12 16:58:28 --> syntax error, unexpected token "+", expecting ")"
in APPPATH\Controllers\Unidades.php on line 42.
 1 SYSTEMPATH\Autoloader\Autoloader.php(261): CodeIgniter\Autoloader\Autoloader->includeFile('APPPATH\\Controllers\\Unidades.php')
 2 SYSTEMPATH\Autoloader\Autoloader.php(239): CodeIgniter\Autoloader\Autoloader->loadInNamespace('App\\Controllers\\Unidades')
 3 [internal function]: CodeIgniter\Autoloader\Autoloader->loadClass('App\\Controllers\\Unidades')
 4 SYSTEMPATH\CodeIgniter.php(848): class_exists('\\App\\Controllers\\Unidades', true)
 5 SYSTEMPATH\CodeIgniter.php(455): CodeIgniter\CodeIgniter->startController()
 6 SYSTEMPATH\CodeIgniter.php(351): CodeIgniter\CodeIgniter->handleRequest(null, Object(Config\Cache), false)
 7 FCPATH\index.php(55): CodeIgniter\CodeIgniter->run()
CRITICAL - 2022-07-12 16:58:35 --> syntax error, unexpected token "+", expecting ")"
in APPPATH\Controllers\Unidades.php on line 42.
 1 SYSTEMPATH\Autoloader\Autoloader.php(261): CodeIgniter\Autoloader\Autoloader->includeFile('APPPATH\\Controllers\\Unidades.php')
 2 SYSTEMPATH\Autoloader\Autoloader.php(239): CodeIgniter\Autoloader\Autoloader->loadInNamespace('App\\Controllers\\Unidades')
 3 [internal function]: CodeIgniter\Autoloader\Autoloader->loadClass('App\\Controllers\\Unidades')
 4 SYSTEMPATH\CodeIgniter.php(848): class_exists('\\App\\Controllers\\Unidades', true)
 5 SYSTEMPATH\CodeIgniter.php(455): CodeIgniter\CodeIgniter->startController()
 6 SYSTEMPATH\CodeIgniter.php(351): CodeIgniter\CodeIgniter->handleRequest(null, Object(Config\Cache), false)
 7 FCPATH\index.php(55): CodeIgniter\CodeIgniter->run()
CRITICAL - 2022-07-12 17:01:22 --> Too few arguments to function App\Controllers\Unidades::editar(), 0 passed in C:\xampp\htdocs\pos\system\CodeIgniter.php on line 898 and exactly 1 expected
in APPPATH\Controllers\Unidades.php on line 42.
 1 SYSTEMPATH\CodeIgniter.php(898): App\Controllers\Unidades->editar()
 2 SYSTEMPATH\CodeIgniter.php(468): CodeIgniter\CodeIgniter->runController(Object(App\Controllers\Unidades))
 3 SYSTEMPATH\CodeIgniter.php(351): CodeIgniter\CodeIgniter->handleRequest(null, Object(Config\Cache), false)
 4 FCPATH\index.php(55): CodeIgniter\CodeIgniter->run()
CRITICAL - 2022-07-12 17:02:51 --> Too few arguments to function App\Controllers\Unidades::editar(), 0 passed in C:\xampp\htdocs\pos\system\CodeIgniter.php on line 898 and at least 1 expected
in APPPATH\Controllers\Unidades.php on line 42.
 1 SYSTEMPATH\CodeIgniter.php(898): App\Controllers\Unidades->editar()
 2 SYSTEMPATH\CodeIgniter.php(468): CodeIgniter\CodeIgniter->runController(Object(App\Controllers\Unidades))
 3 SYSTEMPATH\CodeIgniter.php(351): CodeIgniter\CodeIgniter->handleRequest(null, Object(Config\Cache), false)
 4 FCPATH\index.php(55): CodeIgniter\CodeIgniter->run()
CRITICAL - 2022-07-12 17:03:24 --> Undefined variable $id
in APPPATH\Controllers\Unidades.php on line 44.
 1 APPPATH\Controllers\Unidades.php(44): CodeIgniter\Debug\Exceptions->errorHandler(2, 'Undefined variable $id', 'APPPATH\\Controllers\\Unidades.php', 44)
 2 SYSTEMPATH\CodeIgniter.php(898): App\Controllers\Unidades->editar()
 3 SYSTEMPATH\CodeIgniter.php(468): CodeIgniter\CodeIgniter->runController(Object(App\Controllers\Unidades))
 4 SYSTEMPATH\CodeIgniter.php(351): CodeIgniter\CodeIgniter->handleRequest(null, Object(Config\Cache), false)
 5 FCPATH\index.php(55): CodeIgniter\CodeIgniter->run()
CRITICAL - 2022-07-12 17:03:24 --> Undefined variable $id
in APPPATH\Controllers\Unidades.php on line 44.
 1 APPPATH\Controllers\Unidades.php(44): CodeIgniter\Debug\Exceptions->errorHandler(2, 'Undefined variable $id', 'APPPATH\\Controllers\\Unidades.php', 44)
 2 SYSTEMPATH\CodeIgniter.php(898): App\Controllers\Unidades->editar()
 3 SYSTEMPATH\CodeIgniter.php(468): CodeIgniter\CodeIgniter->runController(Object(App\Controllers\Unidades))
 4 SYSTEMPATH\CodeIgniter.php(351): CodeIgniter\CodeIgniter->handleRequest(null, Object(Config\Cache), false)
 5 FCPATH\index.php(55): CodeIgniter\CodeIgniter->run()
CRITICAL - 2022-07-12 17:14:17 --> Undefined array key "nombre"
in APPPATH\Views\unidades\editar.php on line 14.
 1 APPPATH\Views\unidades\editar.php(14): CodeIgniter\Debug\Exceptions->errorHandler(2, 'Undefined array key "nombre"', 'APPPATH\\Views\\unidades\\editar.php', 14)
 2 SYSTEMPATH\View\View.php(213): include('APPPATH\\Views\\unidades\\editar.php')
 3 SYSTEMPATH\View\View.php(216): CodeIgniter\View\View->CodeIgniter\View\{closure}()
 4 SYSTEMPATH\Common.php(1135): CodeIgniter\View\View->render('unidades/editar', [], true)
 5 APPPATH\Controllers\Unidades.php(49): view('unidades/editar', [...])
 6 SYSTEMPATH\CodeIgniter.php(898): App\Controllers\Unidades->editar()
 7 SYSTEMPATH\CodeIgniter.php(468): CodeIgniter\CodeIgniter->runController(Object(App\Controllers\Unidades))
 8 SYSTEMPATH\CodeIgniter.php(351): CodeIgniter\CodeIgniter->handleRequest(null, Object(Config\Cache), false)
 9 FCPATH\index.php(55): CodeIgniter\CodeIgniter->run()
CRITICAL - 2022-07-12 17:14:41 --> Undefined array key "nombre"
in APPPATH\Views\unidades\editar.php on line 14.
 1 APPPATH\Views\unidades\editar.php(14): CodeIgniter\Debug\Exceptions->errorHandler(2, 'Undefined array key "nombre"', 'APPPATH\\Views\\unidades\\editar.php', 14)
 2 SYSTEMPATH\View\View.php(213): include('APPPATH\\Views\\unidades\\editar.php')
 3 SYSTEMPATH\View\View.php(216): CodeIgniter\View\View->CodeIgniter\View\{closure}()
 4 SYSTEMPATH\Common.php(1135): CodeIgniter\View\View->render('unidades/editar', [], true)
 5 APPPATH\Controllers\Unidades.php(49): view('unidades/editar', [...])
 6 SYSTEMPATH\CodeIgniter.php(898): App\Controllers\Unidades->editar()
 7 SYSTEMPATH\CodeIgniter.php(468): CodeIgniter\CodeIgniter->runController(Object(App\Controllers\Unidades))
 8 SYSTEMPATH\CodeIgniter.php(351): CodeIgniter\CodeIgniter->handleRequest(null, Object(Config\Cache), false)
 9 FCPATH\index.php(55): CodeIgniter\CodeIgniter->run()
CRITICAL - 2022-07-12 17:15:19 --> Undefined array key "nombre"
in APPPATH\Views\unidades\editar.php on line 14.
 1 APPPATH\Views\unidades\editar.php(14): CodeIgniter\Debug\Exceptions->errorHandler(2, 'Undefined array key "nombre"', 'APPPATH\\Views\\unidades\\editar.php', 14)
 2 SYSTEMPATH\View\View.php(213): include('APPPATH\\Views\\unidades\\editar.php')
 3 SYSTEMPATH\View\View.php(216): CodeIgniter\View\View->CodeIgniter\View\{closure}()
 4 SYSTEMPATH\Common.php(1135): CodeIgniter\View\View->render('unidades/editar', [], true)
 5 APPPATH\Controllers\Unidades.php(49): view('unidades/editar', [...])
 6 SYSTEMPATH\CodeIgniter.php(898): App\Controllers\Unidades->editar()
 7 SYSTEMPATH\CodeIgniter.php(468): CodeIgniter\CodeIgniter->runController(Object(App\Controllers\Unidades))
 8 SYSTEMPATH\CodeIgniter.php(351): CodeIgniter\CodeIgniter->handleRequest(null, Object(Config\Cache), false)
 9 FCPATH\index.php(55): CodeIgniter\CodeIgniter->run()
CRITICAL - 2022-07-12 17:20:56 --> Undefined array key "nombre"
in APPPATH\Views\unidades\editar.php on line 14.
 1 APPPATH\Views\unidades\editar.php(14): CodeIgniter\Debug\Exceptions->errorHandler(2, 'Undefined array key "nombre"', 'APPPATH\\Views\\unidades\\editar.php', 14)
 2 SYSTEMPATH\View\View.php(213): include('APPPATH\\Views\\unidades\\editar.php')
 3 SYSTEMPATH\View\View.php(216): CodeIgniter\View\View->CodeIgniter\View\{closure}()
 4 SYSTEMPATH\Common.php(1135): CodeIgniter\View\View->render('unidades/editar', [], true)
 5 APPPATH\Controllers\Unidades.php(49): view('unidades/editar', [...])
 6 SYSTEMPATH\CodeIgniter.php(898): App\Controllers\Unidades->editar()
 7 SYSTEMPATH\CodeIgniter.php(468): CodeIgniter\CodeIgniter->runController(Object(App\Controllers\Unidades))
 8 SYSTEMPATH\CodeIgniter.php(351): CodeIgniter\CodeIgniter->handleRequest(null, Object(Config\Cache), false)
 9 FCPATH\index.php(55): CodeIgniter\CodeIgniter->run()
CRITICAL - 2022-07-12 17:32:20 --> Too few arguments to function App\Controllers\Unidades::editar(), 0 passed in C:\xampp\htdocs\pos\system\CodeIgniter.php on line 898 and exactly 1 expected
in APPPATH\Controllers\Unidades.php on line 42.
 1 SYSTEMPATH\CodeIgniter.php(898): App\Controllers\Unidades->editar()
 2 SYSTEMPATH\CodeIgniter.php(468): CodeIgniter\CodeIgniter->runController(Object(App\Controllers\Unidades))
 3 SYSTEMPATH\CodeIgniter.php(351): CodeIgniter\CodeIgniter->handleRequest(null, Object(Config\Cache), false)
 4 FCPATH\index.php(55): CodeIgniter\CodeIgniter->run()
CRITICAL - 2022-07-12 20:37:07 --> Too few arguments to function App\Controllers\Unidades::eliminar(), 0 passed in C:\xampp\htdocs\pos\system\CodeIgniter.php on line 898 and exactly 1 expected
in APPPATH\Controllers\Unidades.php on line 59.
 1 SYSTEMPATH\CodeIgniter.php(898): App\Controllers\Unidades->eliminar()
 2 SYSTEMPATH\CodeIgniter.php(468): CodeIgniter\CodeIgniter->runController(Object(App\Controllers\Unidades))
 3 SYSTEMPATH\CodeIgniter.php(351): CodeIgniter\CodeIgniter->handleRequest(null, Object(Config\Cache), false)
 4 FCPATH\index.php(55): CodeIgniter\CodeIgniter->run()
CRITICAL - 2022-07-12 20:37:28 --> There is no data to update.
in SYSTEMPATH\BaseModel.php on line 846.
 1 SYSTEMPATH\BaseModel.php(846): CodeIgniter\Database\Exceptions\DataException::forEmptyDataset('update')
 2 SYSTEMPATH\Model.php(692): CodeIgniter\BaseModel->update([...], [])
 3 APPPATH\Controllers\Unidades.php(61): CodeIgniter\Model->update(1, [...])
 4 SYSTEMPATH\CodeIgniter.php(898): App\Controllers\Unidades->eliminar()
 5 SYSTEMPATH\CodeIgniter.php(468): CodeIgniter\CodeIgniter->runController(Object(App\Controllers\Unidades))
 6 SYSTEMPATH\CodeIgniter.php(351): CodeIgniter\CodeIgniter->handleRequest(null, Object(Config\Cache), false)
 7 FCPATH\index.php(55): CodeIgniter\CodeIgniter->run()
CRITICAL - 2022-07-12 20:38:20 --> There is no data to update.
in SYSTEMPATH\BaseModel.php on line 846.
 1 SYSTEMPATH\BaseModel.php(846): CodeIgniter\Database\Exceptions\DataException::forEmptyDataset('update')
 2 SYSTEMPATH\Model.php(692): CodeIgniter\BaseModel->update([...], [])
 3 APPPATH\Controllers\Unidades.php(61): CodeIgniter\Model->update(1, [...])
 4 SYSTEMPATH\CodeIgniter.php(898): App\Controllers\Unidades->eliminar()
 5 SYSTEMPATH\CodeIgniter.php(468): CodeIgniter\CodeIgniter->runController(Object(App\Controllers\Unidades))
 6 SYSTEMPATH\CodeIgniter.php(351): CodeIgniter\CodeIgniter->handleRequest(null, Object(Config\Cache), false)
 7 FCPATH\index.php(55): CodeIgniter\CodeIgniter->run()
