CRITICAL - 2022-07-05 00:55:54 --> syntax error, unexpected token "(", expecting variable
in APPPATH\Controllers\Unidades.php on line 10.
 1 SYSTEMPATH\Autoloader\Autoloader.php(261): CodeIgniter\Autoloader\Autoloader->includeFile('APPPATH\\Controllers\\Unidades.php')
 2 SYSTEMPATH\Autoloader\Autoloader.php(239): CodeIgniter\Autoloader\Autoloader->loadInNamespace('App\\Controllers\\Unidades')
 3 [internal function]: CodeIgniter\Autoloader\Autoloader->loadClass('App\\Controllers\\Unidades')
 4 SYSTEMPATH\CodeIgniter.php(848): class_exists('\\App\\Controllers\\Unidades', true)
 5 SYSTEMPATH\CodeIgniter.php(455): CodeIgniter\CodeIgniter->startController()
 6 SYSTEMPATH\CodeIgniter.php(351): CodeIgniter\CodeIgniter->handleRequest(null, Object(Config\Cache), false)
 7 FCPATH\index.php(55): CodeIgniter\CodeIgniter->run()
CRITICAL - 2022-07-05 00:57:40 --> Class "App\Controllers\UnidadesModel" not found
in APPPATH\Controllers\Unidades.php on line 12.
 1 SYSTEMPATH\CodeIgniter.php(860): App\Controllers\Unidades->__construct()
 2 SYSTEMPATH\CodeIgniter.php(459): CodeIgniter\CodeIgniter->createController()
 3 SYSTEMPATH\CodeIgniter.php(351): CodeIgniter\CodeIgniter->handleRequest(null, Object(Config\Cache), false)
 4 FCPATH\index.php(55): CodeIgniter\CodeIgniter->run()
CRITICAL - 2022-07-05 00:57:51 --> Class "App\Controllers\UnidadesModel" not found
in APPPATH\Controllers\Unidades.php on line 12.
 1 SYSTEMPATH\CodeIgniter.php(860): App\Controllers\Unidades->__construct()
 2 SYSTEMPATH\CodeIgniter.php(459): CodeIgniter\CodeIgniter->createController()
 3 SYSTEMPATH\CodeIgniter.php(351): CodeIgniter\CodeIgniter->handleRequest(null, Object(Config\Cache), false)
 4 FCPATH\index.php(55): CodeIgniter\CodeIgniter->run()
