CRITICAL - 2022-07-14 00:12:52 --> Cannot redeclare App\Controllers\Unidades::editar()
in APPPATH\Controllers\Unidades.php on line 85.
 1 [internal function]: CodeIgniter\Debug\Exceptions->shutdownHandler()
CRITICAL - 2022-07-14 00:14:25 --> Cannot redeclare App\Controllers\Unidades::editar()
in APPPATH\Controllers\Unidades.php on line 107.
 1 [internal function]: CodeIgniter\Debug\Exceptions->shutdownHandler()
CRITICAL - 2022-07-14 00:18:54 --> Cannot redeclare App\Controllers\Unidades::reingresar()
in APPPATH\Controllers\Unidades.php on line 579.
 1 [internal function]: CodeIgniter\Debug\Exceptions->shutdownHandler()
CRITICAL - 2022-07-14 00:20:26 --> Cannot redeclare App\Controllers\Unidades::reingresar()
in APPPATH\Controllers\Unidades.php on line 579.
 1 [internal function]: CodeIgniter\Debug\Exceptions->shutdownHandler()
CRITICAL - 2022-07-14 02:31:10 --> Trying to access array offset on value of type null
in APPPATH\Views\unidades\editar.php on line 10.
 1 APPPATH\Views\unidades\editar.php(10): CodeIgniter\Debug\Exceptions->errorHandler(2, 'Trying to access array offset on value of type null', 'APPPATH\\Views\\unidades\\editar.php', 10)
 2 SYSTEMPATH\View\View.php(213): include('APPPATH\\Views\\unidades\\editar.php')
 3 SYSTEMPATH\View\View.php(216): CodeIgniter\View\View->CodeIgniter\View\{closure}()
 4 SYSTEMPATH\Common.php(1135): CodeIgniter\View\View->render('unidades/editar', [], true)
 5 APPPATH\Controllers\Unidades.php(69): view('unidades/editar', [...])
 6 SYSTEMPATH\CodeIgniter.php(898): App\Controllers\Unidades->editar('FCPATH\\js', 'datatables-simple-demo.js')
 7 SYSTEMPATH\CodeIgniter.php(468): CodeIgniter\CodeIgniter->runController(Object(App\Controllers\Unidades))
 8 SYSTEMPATH\CodeIgniter.php(351): CodeIgniter\CodeIgniter->handleRequest(null, Object(Config\Cache), false)
 9 FCPATH\index.php(55): CodeIgniter\CodeIgniter->run()
CRITICAL - 2022-07-14 02:31:10 --> Trying to access array offset on value of type null
in APPPATH\Views\unidades\editar.php on line 10.
 1 APPPATH\Views\unidades\editar.php(10): CodeIgniter\Debug\Exceptions->errorHandler(2, 'Trying to access array offset on value of type null', 'APPPATH\\Views\\unidades\\editar.php', 10)
 2 SYSTEMPATH\View\View.php(213): include('APPPATH\\Views\\unidades\\editar.php')
 3 SYSTEMPATH\View\View.php(216): CodeIgniter\View\View->CodeIgniter\View\{closure}()
 4 SYSTEMPATH\Common.php(1135): CodeIgniter\View\View->render('unidades/editar', [], true)
 5 APPPATH\Controllers\Unidades.php(69): view('unidades/editar', [...])
 6 SYSTEMPATH\CodeIgniter.php(898): App\Controllers\Unidades->editar('FCPATH\\js', 'scripts.js')
 7 SYSTEMPATH\CodeIgniter.php(468): CodeIgniter\CodeIgniter->runController(Object(App\Controllers\Unidades))
 8 SYSTEMPATH\CodeIgniter.php(351): CodeIgniter\CodeIgniter->handleRequest(null, Object(Config\Cache), false)
 9 FCPATH\index.php(55): CodeIgniter\CodeIgniter->run()
CRITICAL - 2022-07-14 02:32:38 --> Trying to access array offset on value of type null
in APPPATH\Views\unidades\editar.php on line 10.
 1 APPPATH\Views\unidades\editar.php(10): CodeIgniter\Debug\Exceptions->errorHandler(2, 'Trying to access array offset on value of type null', 'APPPATH\\Views\\unidades\\editar.php', 10)
 2 SYSTEMPATH\View\View.php(213): include('APPPATH\\Views\\unidades\\editar.php')
 3 SYSTEMPATH\View\View.php(216): CodeIgniter\View\View->CodeIgniter\View\{closure}()
 4 SYSTEMPATH\Common.php(1135): CodeIgniter\View\View->render('unidades/editar', [], true)
 5 APPPATH\Controllers\Unidades.php(69): view('unidades/editar', [...])
 6 SYSTEMPATH\CodeIgniter.php(898): App\Controllers\Unidades->editar('FCPATH\\js', 'scripts.js')
 7 SYSTEMPATH\CodeIgniter.php(468): CodeIgniter\CodeIgniter->runController(Object(App\Controllers\Unidades))
 8 SYSTEMPATH\CodeIgniter.php(351): CodeIgniter\CodeIgniter->handleRequest(null, Object(Config\Cache), false)
 9 FCPATH\index.php(55): CodeIgniter\CodeIgniter->run()
CRITICAL - 2022-07-14 02:32:38 --> Trying to access array offset on value of type null
in APPPATH\Views\unidades\editar.php on line 10.
 1 APPPATH\Views\unidades\editar.php(10): CodeIgniter\Debug\Exceptions->errorHandler(2, 'Trying to access array offset on value of type null', 'APPPATH\\Views\\unidades\\editar.php', 10)
 2 SYSTEMPATH\View\View.php(213): include('APPPATH\\Views\\unidades\\editar.php')
 3 SYSTEMPATH\View\View.php(216): CodeIgniter\View\View->CodeIgniter\View\{closure}()
 4 SYSTEMPATH\Common.php(1135): CodeIgniter\View\View->render('unidades/editar', [], true)
 5 APPPATH\Controllers\Unidades.php(69): view('unidades/editar', [...])
 6 SYSTEMPATH\CodeIgniter.php(898): App\Controllers\Unidades->editar('FCPATH\\js', 'datatables-simple-demo.js')
 7 SYSTEMPATH\CodeIgniter.php(468): CodeIgniter\CodeIgniter->runController(Object(App\Controllers\Unidades))
 8 SYSTEMPATH\CodeIgniter.php(351): CodeIgniter\CodeIgniter->handleRequest(null, Object(Config\Cache), false)
 9 FCPATH\index.php(55): CodeIgniter\CodeIgniter->run()
CRITICAL - 2022-07-14 02:33:16 --> Trying to access array offset on value of type null
in APPPATH\Views\unidades\editar.php on line 10.
 1 APPPATH\Views\unidades\editar.php(10): CodeIgniter\Debug\Exceptions->errorHandler(2, 'Trying to access array offset on value of type null', 'APPPATH\\Views\\unidades\\editar.php', 10)
 2 SYSTEMPATH\View\View.php(213): include('APPPATH\\Views\\unidades\\editar.php')
 3 SYSTEMPATH\View\View.php(216): CodeIgniter\View\View->CodeIgniter\View\{closure}()
 4 SYSTEMPATH\Common.php(1135): CodeIgniter\View\View->render('unidades/editar', [], true)
 5 APPPATH\Controllers\Unidades.php(69): view('unidades/editar', [...])
 6 SYSTEMPATH\CodeIgniter.php(898): App\Controllers\Unidades->editar('FCPATH\\js', 'scripts.js')
 7 SYSTEMPATH\CodeIgniter.php(468): CodeIgniter\CodeIgniter->runController(Object(App\Controllers\Unidades))
 8 SYSTEMPATH\CodeIgniter.php(351): CodeIgniter\CodeIgniter->handleRequest(null, Object(Config\Cache), false)
 9 FCPATH\index.php(55): CodeIgniter\CodeIgniter->run()
CRITICAL - 2022-07-14 02:33:16 --> Trying to access array offset on value of type null
in APPPATH\Views\unidades\editar.php on line 10.
 1 APPPATH\Views\unidades\editar.php(10): CodeIgniter\Debug\Exceptions->errorHandler(2, 'Trying to access array offset on value of type null', 'APPPATH\\Views\\unidades\\editar.php', 10)
 2 SYSTEMPATH\View\View.php(213): include('APPPATH\\Views\\unidades\\editar.php')
 3 SYSTEMPATH\View\View.php(216): CodeIgniter\View\View->CodeIgniter\View\{closure}()
 4 SYSTEMPATH\Common.php(1135): CodeIgniter\View\View->render('unidades/editar', [], true)
 5 APPPATH\Controllers\Unidades.php(69): view('unidades/editar', [...])
 6 SYSTEMPATH\CodeIgniter.php(898): App\Controllers\Unidades->editar('FCPATH\\js', 'datatables-simple-demo.js')
 7 SYSTEMPATH\CodeIgniter.php(468): CodeIgniter\CodeIgniter->runController(Object(App\Controllers\Unidades))
 8 SYSTEMPATH\CodeIgniter.php(351): CodeIgniter\CodeIgniter->handleRequest(null, Object(Config\Cache), false)
 9 FCPATH\index.php(55): CodeIgniter\CodeIgniter->run()
CRITICAL - 2022-07-14 02:37:40 --> Trying to access array offset on value of type null
in APPPATH\Views\unidades\editar.php on line 10.
 1 APPPATH\Views\unidades\editar.php(10): CodeIgniter\Debug\Exceptions->errorHandler(2, 'Trying to access array offset on value of type null', 'APPPATH\\Views\\unidades\\editar.php', 10)
 2 SYSTEMPATH\View\View.php(213): include('APPPATH\\Views\\unidades\\editar.php')
 3 SYSTEMPATH\View\View.php(216): CodeIgniter\View\View->CodeIgniter\View\{closure}()
 4 SYSTEMPATH\Common.php(1135): CodeIgniter\View\View->render('unidades/editar', [], true)
 5 APPPATH\Controllers\Unidades.php(69): view('unidades/editar', [...])
 6 SYSTEMPATH\CodeIgniter.php(898): App\Controllers\Unidades->editar('FCPATH\\js', 'datatables-simple-demo.js')
 7 SYSTEMPATH\CodeIgniter.php(468): CodeIgniter\CodeIgniter->runController(Object(App\Controllers\Unidades))
 8 SYSTEMPATH\CodeIgniter.php(351): CodeIgniter\CodeIgniter->handleRequest(null, Object(Config\Cache), false)
 9 FCPATH\index.php(55): CodeIgniter\CodeIgniter->run()
CRITICAL - 2022-07-14 02:37:40 --> Trying to access array offset on value of type null
in APPPATH\Views\unidades\editar.php on line 10.
 1 APPPATH\Views\unidades\editar.php(10): CodeIgniter\Debug\Exceptions->errorHandler(2, 'Trying to access array offset on value of type null', 'APPPATH\\Views\\unidades\\editar.php', 10)
 2 SYSTEMPATH\View\View.php(213): include('APPPATH\\Views\\unidades\\editar.php')
 3 SYSTEMPATH\View\View.php(216): CodeIgniter\View\View->CodeIgniter\View\{closure}()
 4 SYSTEMPATH\Common.php(1135): CodeIgniter\View\View->render('unidades/editar', [], true)
 5 APPPATH\Controllers\Unidades.php(69): view('unidades/editar', [...])
 6 SYSTEMPATH\CodeIgniter.php(898): App\Controllers\Unidades->editar('FCPATH\\js', 'scripts.js')
 7 SYSTEMPATH\CodeIgniter.php(468): CodeIgniter\CodeIgniter->runController(Object(App\Controllers\Unidades))
 8 SYSTEMPATH\CodeIgniter.php(351): CodeIgniter\CodeIgniter->handleRequest(null, Object(Config\Cache), false)
 9 FCPATH\index.php(55): CodeIgniter\CodeIgniter->run()
CRITICAL - 2022-07-14 02:37:52 --> Trying to access array offset on value of type null
in APPPATH\Views\unidades\editar.php on line 10.
 1 APPPATH\Views\unidades\editar.php(10): CodeIgniter\Debug\Exceptions->errorHandler(2, 'Trying to access array offset on value of type null', 'APPPATH\\Views\\unidades\\editar.php', 10)
 2 SYSTEMPATH\View\View.php(213): include('APPPATH\\Views\\unidades\\editar.php')
 3 SYSTEMPATH\View\View.php(216): CodeIgniter\View\View->CodeIgniter\View\{closure}()
 4 SYSTEMPATH\Common.php(1135): CodeIgniter\View\View->render('unidades/editar', [], true)
 5 APPPATH\Controllers\Unidades.php(69): view('unidades/editar', [...])
 6 SYSTEMPATH\CodeIgniter.php(898): App\Controllers\Unidades->editar('FCPATH\\js', 'datatables-simple-demo.js')
 7 SYSTEMPATH\CodeIgniter.php(468): CodeIgniter\CodeIgniter->runController(Object(App\Controllers\Unidades))
 8 SYSTEMPATH\CodeIgniter.php(351): CodeIgniter\CodeIgniter->handleRequest(null, Object(Config\Cache), false)
 9 FCPATH\index.php(55): CodeIgniter\CodeIgniter->run()
CRITICAL - 2022-07-14 02:37:52 --> Trying to access array offset on value of type null
in APPPATH\Views\unidades\editar.php on line 10.
 1 APPPATH\Views\unidades\editar.php(10): CodeIgniter\Debug\Exceptions->errorHandler(2, 'Trying to access array offset on value of type null', 'APPPATH\\Views\\unidades\\editar.php', 10)
 2 SYSTEMPATH\View\View.php(213): include('APPPATH\\Views\\unidades\\editar.php')
 3 SYSTEMPATH\View\View.php(216): CodeIgniter\View\View->CodeIgniter\View\{closure}()
 4 SYSTEMPATH\Common.php(1135): CodeIgniter\View\View->render('unidades/editar', [], true)
 5 APPPATH\Controllers\Unidades.php(69): view('unidades/editar', [...])
 6 SYSTEMPATH\CodeIgniter.php(898): App\Controllers\Unidades->editar('FCPATH\\js', 'scripts.js')
 7 SYSTEMPATH\CodeIgniter.php(468): CodeIgniter\CodeIgniter->runController(Object(App\Controllers\Unidades))
 8 SYSTEMPATH\CodeIgniter.php(351): CodeIgniter\CodeIgniter->handleRequest(null, Object(Config\Cache), false)
 9 FCPATH\index.php(55): CodeIgniter\CodeIgniter->run()
CRITICAL - 2022-07-14 02:37:58 --> Too few arguments to function App\Controllers\Unidades::eliminar(), 0 passed in C:\xampp\htdocs\pos\system\CodeIgniter.php on line 898 and exactly 1 expected
in APPPATH\Controllers\Unidades.php on line 83.
 1 SYSTEMPATH\CodeIgniter.php(898): App\Controllers\Unidades->eliminar()
 2 SYSTEMPATH\CodeIgniter.php(468): CodeIgniter\CodeIgniter->runController(Object(App\Controllers\Unidades))
 3 SYSTEMPATH\CodeIgniter.php(351): CodeIgniter\CodeIgniter->handleRequest(null, Object(Config\Cache), false)
 4 FCPATH\index.php(55): CodeIgniter\CodeIgniter->run()
CRITICAL - 2022-07-14 02:39:34 --> Trying to access array offset on value of type null
in APPPATH\Views\unidades\editar.php on line 10.
 1 APPPATH\Views\unidades\editar.php(10): CodeIgniter\Debug\Exceptions->errorHandler(2, 'Trying to access array offset on value of type null', 'APPPATH\\Views\\unidades\\editar.php', 10)
 2 SYSTEMPATH\View\View.php(213): include('APPPATH\\Views\\unidades\\editar.php')
 3 SYSTEMPATH\View\View.php(216): CodeIgniter\View\View->CodeIgniter\View\{closure}()
 4 SYSTEMPATH\Common.php(1135): CodeIgniter\View\View->render('unidades/editar', [], true)
 5 APPPATH\Controllers\Unidades.php(69): view('unidades/editar', [...])
 6 SYSTEMPATH\CodeIgniter.php(898): App\Controllers\Unidades->editar('FCPATH\\js', 'scripts.js')
 7 SYSTEMPATH\CodeIgniter.php(468): CodeIgniter\CodeIgniter->runController(Object(App\Controllers\Unidades))
 8 SYSTEMPATH\CodeIgniter.php(351): CodeIgniter\CodeIgniter->handleRequest(null, Object(Config\Cache), false)
 9 FCPATH\index.php(55): CodeIgniter\CodeIgniter->run()
CRITICAL - 2022-07-14 02:39:34 --> Trying to access array offset on value of type null
in APPPATH\Views\unidades\editar.php on line 10.
 1 APPPATH\Views\unidades\editar.php(10): CodeIgniter\Debug\Exceptions->errorHandler(2, 'Trying to access array offset on value of type null', 'APPPATH\\Views\\unidades\\editar.php', 10)
 2 SYSTEMPATH\View\View.php(213): include('APPPATH\\Views\\unidades\\editar.php')
 3 SYSTEMPATH\View\View.php(216): CodeIgniter\View\View->CodeIgniter\View\{closure}()
 4 SYSTEMPATH\Common.php(1135): CodeIgniter\View\View->render('unidades/editar', [], true)
 5 APPPATH\Controllers\Unidades.php(69): view('unidades/editar', [...])
 6 SYSTEMPATH\CodeIgniter.php(898): App\Controllers\Unidades->editar('FCPATH\\js', 'datatables-simple-demo.js')
 7 SYSTEMPATH\CodeIgniter.php(468): CodeIgniter\CodeIgniter->runController(Object(App\Controllers\Unidades))
 8 SYSTEMPATH\CodeIgniter.php(351): CodeIgniter\CodeIgniter->handleRequest(null, Object(Config\Cache), false)
 9 FCPATH\index.php(55): CodeIgniter\CodeIgniter->run()
CRITICAL - 2022-07-14 02:39:40 --> Trying to access array offset on value of type null
in APPPATH\Views\unidades\editar.php on line 10.
 1 APPPATH\Views\unidades\editar.php(10): CodeIgniter\Debug\Exceptions->errorHandler(2, 'Trying to access array offset on value of type null', 'APPPATH\\Views\\unidades\\editar.php', 10)
 2 SYSTEMPATH\View\View.php(213): include('APPPATH\\Views\\unidades\\editar.php')
 3 SYSTEMPATH\View\View.php(216): CodeIgniter\View\View->CodeIgniter\View\{closure}()
 4 SYSTEMPATH\Common.php(1135): CodeIgniter\View\View->render('unidades/editar', [], true)
 5 APPPATH\Controllers\Unidades.php(69): view('unidades/editar', [...])
 6 SYSTEMPATH\CodeIgniter.php(898): App\Controllers\Unidades->editar('FCPATH\\js', 'datatables-simple-demo.js')
 7 SYSTEMPATH\CodeIgniter.php(468): CodeIgniter\CodeIgniter->runController(Object(App\Controllers\Unidades))
 8 SYSTEMPATH\CodeIgniter.php(351): CodeIgniter\CodeIgniter->handleRequest(null, Object(Config\Cache), false)
 9 FCPATH\index.php(55): CodeIgniter\CodeIgniter->run()
CRITICAL - 2022-07-14 02:39:40 --> Trying to access array offset on value of type null
in APPPATH\Views\unidades\editar.php on line 10.
 1 APPPATH\Views\unidades\editar.php(10): CodeIgniter\Debug\Exceptions->errorHandler(2, 'Trying to access array offset on value of type null', 'APPPATH\\Views\\unidades\\editar.php', 10)
 2 SYSTEMPATH\View\View.php(213): include('APPPATH\\Views\\unidades\\editar.php')
 3 SYSTEMPATH\View\View.php(216): CodeIgniter\View\View->CodeIgniter\View\{closure}()
 4 SYSTEMPATH\Common.php(1135): CodeIgniter\View\View->render('unidades/editar', [], true)
 5 APPPATH\Controllers\Unidades.php(69): view('unidades/editar', [...])
 6 SYSTEMPATH\CodeIgniter.php(898): App\Controllers\Unidades->editar('FCPATH\\js', 'scripts.js')
 7 SYSTEMPATH\CodeIgniter.php(468): CodeIgniter\CodeIgniter->runController(Object(App\Controllers\Unidades))
 8 SYSTEMPATH\CodeIgniter.php(351): CodeIgniter\CodeIgniter->handleRequest(null, Object(Config\Cache), false)
 9 FCPATH\index.php(55): CodeIgniter\CodeIgniter->run()
CRITICAL - 2022-07-14 02:41:49 --> Too few arguments to function App\Controllers\Unidades::eliminar(), 0 passed in C:\xampp\htdocs\pos\system\CodeIgniter.php on line 898 and exactly 1 expected
in APPPATH\Controllers\Unidades.php on line 83.
 1 SYSTEMPATH\CodeIgniter.php(898): App\Controllers\Unidades->eliminar()
 2 SYSTEMPATH\CodeIgniter.php(468): CodeIgniter\CodeIgniter->runController(Object(App\Controllers\Unidades))
 3 SYSTEMPATH\CodeIgniter.php(351): CodeIgniter\CodeIgniter->handleRequest(null, Object(Config\Cache), false)
 4 FCPATH\index.php(55): CodeIgniter\CodeIgniter->run()
CRITICAL - 2022-07-14 05:15:51 --> Trying to access array offset on value of type null
in APPPATH\Views\unidades\editar.php on line 10.
 1 APPPATH\Views\unidades\editar.php(10): CodeIgniter\Debug\Exceptions->errorHandler(2, 'Trying to access array offset on value of type null', 'APPPATH\\Views\\unidades\\editar.php', 10)
 2 SYSTEMPATH\View\View.php(213): include('APPPATH\\Views\\unidades\\editar.php')
 3 SYSTEMPATH\View\View.php(216): CodeIgniter\View\View->CodeIgniter\View\{closure}()
 4 SYSTEMPATH\Common.php(1135): CodeIgniter\View\View->render('unidades/editar', [], true)
 5 APPPATH\Controllers\Unidades.php(59): view('unidades/editar', [...])
 6 SYSTEMPATH\CodeIgniter.php(898): App\Controllers\Unidades->editar('FCPATH\\Logo.png')
 7 SYSTEMPATH\CodeIgniter.php(468): CodeIgniter\CodeIgniter->runController(Object(App\Controllers\Unidades))
 8 SYSTEMPATH\CodeIgniter.php(351): CodeIgniter\CodeIgniter->handleRequest(null, Object(Config\Cache), false)
 9 FCPATH\index.php(55): CodeIgniter\CodeIgniter->run()
CRITICAL - 2022-07-14 05:15:51 --> Trying to access array offset on value of type null
in APPPATH\Views\unidades\editar.php on line 10.
 1 APPPATH\Views\unidades\editar.php(10): CodeIgniter\Debug\Exceptions->errorHandler(2, 'Trying to access array offset on value of type null', 'APPPATH\\Views\\unidades\\editar.php', 10)
 2 SYSTEMPATH\View\View.php(213): include('APPPATH\\Views\\unidades\\editar.php')
 3 SYSTEMPATH\View\View.php(216): CodeIgniter\View\View->CodeIgniter\View\{closure}()
 4 SYSTEMPATH\Common.php(1135): CodeIgniter\View\View->render('unidades/editar', [], true)
 5 APPPATH\Controllers\Unidades.php(59): view('unidades/editar', [...])
 6 SYSTEMPATH\CodeIgniter.php(898): App\Controllers\Unidades->editar('FCPATH\\js', 'scripts.js')
 7 SYSTEMPATH\CodeIgniter.php(468): CodeIgniter\CodeIgniter->runController(Object(App\Controllers\Unidades))
 8 SYSTEMPATH\CodeIgniter.php(351): CodeIgniter\CodeIgniter->handleRequest(null, Object(Config\Cache), false)
 9 FCPATH\index.php(55): CodeIgniter\CodeIgniter->run()
CRITICAL - 2022-07-14 05:15:51 --> Trying to access array offset on value of type null
in APPPATH\Views\unidades\editar.php on line 10.
 1 APPPATH\Views\unidades\editar.php(10): CodeIgniter\Debug\Exceptions->errorHandler(2, 'Trying to access array offset on value of type null', 'APPPATH\\Views\\unidades\\editar.php', 10)
 2 SYSTEMPATH\View\View.php(213): include('APPPATH\\Views\\unidades\\editar.php')
 3 SYSTEMPATH\View\View.php(216): CodeIgniter\View\View->CodeIgniter\View\{closure}()
 4 SYSTEMPATH\Common.php(1135): CodeIgniter\View\View->render('unidades/editar', [], true)
 5 APPPATH\Controllers\Unidades.php(59): view('unidades/editar', [...])
 6 SYSTEMPATH\CodeIgniter.php(898): App\Controllers\Unidades->editar('FCPATH\\js', 'datatables-simple-demo.js')
 7 SYSTEMPATH\CodeIgniter.php(468): CodeIgniter\CodeIgniter->runController(Object(App\Controllers\Unidades))
 8 SYSTEMPATH\CodeIgniter.php(351): CodeIgniter\CodeIgniter->handleRequest(null, Object(Config\Cache), false)
 9 FCPATH\index.php(55): CodeIgniter\CodeIgniter->run()
CRITICAL - 2022-07-14 05:17:14 --> Trying to access array offset on value of type null
in APPPATH\Views\unidades\editar.php on line 10.
 1 APPPATH\Views\unidades\editar.php(10): CodeIgniter\Debug\Exceptions->errorHandler(2, 'Trying to access array offset on value of type null', 'APPPATH\\Views\\unidades\\editar.php', 10)
 2 SYSTEMPATH\View\View.php(213): include('APPPATH\\Views\\unidades\\editar.php')
 3 SYSTEMPATH\View\View.php(216): CodeIgniter\View\View->CodeIgniter\View\{closure}()
 4 SYSTEMPATH\Common.php(1135): CodeIgniter\View\View->render('unidades/editar', [], true)
 5 APPPATH\Controllers\Unidades.php(59): view('unidades/editar', [...])
 6 SYSTEMPATH\CodeIgniter.php(898): App\Controllers\Unidades->editar('FCPATH\\Logo.png')
 7 SYSTEMPATH\CodeIgniter.php(468): CodeIgniter\CodeIgniter->runController(Object(App\Controllers\Unidades))
 8 SYSTEMPATH\CodeIgniter.php(351): CodeIgniter\CodeIgniter->handleRequest(null, Object(Config\Cache), false)
 9 FCPATH\index.php(55): CodeIgniter\CodeIgniter->run()
CRITICAL - 2022-07-14 05:17:14 --> Trying to access array offset on value of type null
in APPPATH\Views\unidades\editar.php on line 10.
 1 APPPATH\Views\unidades\editar.php(10): CodeIgniter\Debug\Exceptions->errorHandler(2, 'Trying to access array offset on value of type null', 'APPPATH\\Views\\unidades\\editar.php', 10)
 2 SYSTEMPATH\View\View.php(213): include('APPPATH\\Views\\unidades\\editar.php')
 3 SYSTEMPATH\View\View.php(216): CodeIgniter\View\View->CodeIgniter\View\{closure}()
 4 SYSTEMPATH\Common.php(1135): CodeIgniter\View\View->render('unidades/editar', [], true)
 5 APPPATH\Controllers\Unidades.php(59): view('unidades/editar', [...])
 6 SYSTEMPATH\CodeIgniter.php(898): App\Controllers\Unidades->editar('FCPATH\\js', 'scripts.js')
 7 SYSTEMPATH\CodeIgniter.php(468): CodeIgniter\CodeIgniter->runController(Object(App\Controllers\Unidades))
 8 SYSTEMPATH\CodeIgniter.php(351): CodeIgniter\CodeIgniter->handleRequest(null, Object(Config\Cache), false)
 9 FCPATH\index.php(55): CodeIgniter\CodeIgniter->run()
CRITICAL - 2022-07-14 05:17:15 --> Trying to access array offset on value of type null
in APPPATH\Views\unidades\editar.php on line 10.
 1 APPPATH\Views\unidades\editar.php(10): CodeIgniter\Debug\Exceptions->errorHandler(2, 'Trying to access array offset on value of type null', 'APPPATH\\Views\\unidades\\editar.php', 10)
 2 SYSTEMPATH\View\View.php(213): include('APPPATH\\Views\\unidades\\editar.php')
 3 SYSTEMPATH\View\View.php(216): CodeIgniter\View\View->CodeIgniter\View\{closure}()
 4 SYSTEMPATH\Common.php(1135): CodeIgniter\View\View->render('unidades/editar', [], true)
 5 APPPATH\Controllers\Unidades.php(59): view('unidades/editar', [...])
 6 SYSTEMPATH\CodeIgniter.php(898): App\Controllers\Unidades->editar('FCPATH\\js', 'datatables-simple-demo.js')
 7 SYSTEMPATH\CodeIgniter.php(468): CodeIgniter\CodeIgniter->runController(Object(App\Controllers\Unidades))
 8 SYSTEMPATH\CodeIgniter.php(351): CodeIgniter\CodeIgniter->handleRequest(null, Object(Config\Cache), false)
 9 FCPATH\index.php(55): CodeIgniter\CodeIgniter->run()
CRITICAL - 2022-07-14 05:18:08 --> Trying to access array offset on value of type null
in APPPATH\Views\unidades\editar.php on line 10.
 1 APPPATH\Views\unidades\editar.php(10): CodeIgniter\Debug\Exceptions->errorHandler(2, 'Trying to access array offset on value of type null', 'APPPATH\\Views\\unidades\\editar.php', 10)
 2 SYSTEMPATH\View\View.php(213): include('APPPATH\\Views\\unidades\\editar.php')
 3 SYSTEMPATH\View\View.php(216): CodeIgniter\View\View->CodeIgniter\View\{closure}()
 4 SYSTEMPATH\Common.php(1135): CodeIgniter\View\View->render('unidades/editar', [], true)
 5 APPPATH\Controllers\Unidades.php(59): view('unidades/editar', [...])
 6 SYSTEMPATH\CodeIgniter.php(898): App\Controllers\Unidades->editar('FCPATH\\Logo.png')
 7 SYSTEMPATH\CodeIgniter.php(468): CodeIgniter\CodeIgniter->runController(Object(App\Controllers\Unidades))
 8 SYSTEMPATH\CodeIgniter.php(351): CodeIgniter\CodeIgniter->handleRequest(null, Object(Config\Cache), false)
 9 FCPATH\index.php(55): CodeIgniter\CodeIgniter->run()
CRITICAL - 2022-07-14 05:18:08 --> Trying to access array offset on value of type null
in APPPATH\Views\unidades\editar.php on line 10.
 1 APPPATH\Views\unidades\editar.php(10): CodeIgniter\Debug\Exceptions->errorHandler(2, 'Trying to access array offset on value of type null', 'APPPATH\\Views\\unidades\\editar.php', 10)
 2 SYSTEMPATH\View\View.php(213): include('APPPATH\\Views\\unidades\\editar.php')
 3 SYSTEMPATH\View\View.php(216): CodeIgniter\View\View->CodeIgniter\View\{closure}()
 4 SYSTEMPATH\Common.php(1135): CodeIgniter\View\View->render('unidades/editar', [], true)
 5 APPPATH\Controllers\Unidades.php(59): view('unidades/editar', [...])
 6 SYSTEMPATH\CodeIgniter.php(898): App\Controllers\Unidades->editar('FCPATH\\js', 'scripts.js')
 7 SYSTEMPATH\CodeIgniter.php(468): CodeIgniter\CodeIgniter->runController(Object(App\Controllers\Unidades))
 8 SYSTEMPATH\CodeIgniter.php(351): CodeIgniter\CodeIgniter->handleRequest(null, Object(Config\Cache), false)
 9 FCPATH\index.php(55): CodeIgniter\CodeIgniter->run()
CRITICAL - 2022-07-14 05:18:08 --> Trying to access array offset on value of type null
in APPPATH\Views\unidades\editar.php on line 10.
 1 APPPATH\Views\unidades\editar.php(10): CodeIgniter\Debug\Exceptions->errorHandler(2, 'Trying to access array offset on value of type null', 'APPPATH\\Views\\unidades\\editar.php', 10)
 2 SYSTEMPATH\View\View.php(213): include('APPPATH\\Views\\unidades\\editar.php')
 3 SYSTEMPATH\View\View.php(216): CodeIgniter\View\View->CodeIgniter\View\{closure}()
 4 SYSTEMPATH\Common.php(1135): CodeIgniter\View\View->render('unidades/editar', [], true)
 5 APPPATH\Controllers\Unidades.php(59): view('unidades/editar', [...])
 6 SYSTEMPATH\CodeIgniter.php(898): App\Controllers\Unidades->editar('FCPATH\\js', 'datatables-simple-demo.js')
 7 SYSTEMPATH\CodeIgniter.php(468): CodeIgniter\CodeIgniter->runController(Object(App\Controllers\Unidades))
 8 SYSTEMPATH\CodeIgniter.php(351): CodeIgniter\CodeIgniter->handleRequest(null, Object(Config\Cache), false)
 9 FCPATH\index.php(55): CodeIgniter\CodeIgniter->run()
CRITICAL - 2022-07-14 05:19:20 --> Trying to access array offset on value of type null
in APPPATH\Views\unidades\editar.php on line 10.
 1 APPPATH\Views\unidades\editar.php(10): CodeIgniter\Debug\Exceptions->errorHandler(2, 'Trying to access array offset on value of type null', 'APPPATH\\Views\\unidades\\editar.php', 10)
 2 SYSTEMPATH\View\View.php(213): include('APPPATH\\Views\\unidades\\editar.php')
 3 SYSTEMPATH\View\View.php(216): CodeIgniter\View\View->CodeIgniter\View\{closure}()
 4 SYSTEMPATH\Common.php(1135): CodeIgniter\View\View->render('unidades/editar', [], true)
 5 APPPATH\Controllers\Unidades.php(59): view('unidades/editar', [...])
 6 SYSTEMPATH\CodeIgniter.php(898): App\Controllers\Unidades->editar('FCPATH\\Logo.png')
 7 SYSTEMPATH\CodeIgniter.php(468): CodeIgniter\CodeIgniter->runController(Object(App\Controllers\Unidades))
 8 SYSTEMPATH\CodeIgniter.php(351): CodeIgniter\CodeIgniter->handleRequest(null, Object(Config\Cache), false)
 9 FCPATH\index.php(55): CodeIgniter\CodeIgniter->run()
CRITICAL - 2022-07-14 05:19:20 --> Trying to access array offset on value of type null
in APPPATH\Views\unidades\editar.php on line 10.
 1 APPPATH\Views\unidades\editar.php(10): CodeIgniter\Debug\Exceptions->errorHandler(2, 'Trying to access array offset on value of type null', 'APPPATH\\Views\\unidades\\editar.php', 10)
 2 SYSTEMPATH\View\View.php(213): include('APPPATH\\Views\\unidades\\editar.php')
 3 SYSTEMPATH\View\View.php(216): CodeIgniter\View\View->CodeIgniter\View\{closure}()
 4 SYSTEMPATH\Common.php(1135): CodeIgniter\View\View->render('unidades/editar', [], true)
 5 APPPATH\Controllers\Unidades.php(59): view('unidades/editar', [...])
 6 SYSTEMPATH\CodeIgniter.php(898): App\Controllers\Unidades->editar('FCPATH\\js', 'scripts.js')
 7 SYSTEMPATH\CodeIgniter.php(468): CodeIgniter\CodeIgniter->runController(Object(App\Controllers\Unidades))
 8 SYSTEMPATH\CodeIgniter.php(351): CodeIgniter\CodeIgniter->handleRequest(null, Object(Config\Cache), false)
 9 FCPATH\index.php(55): CodeIgniter\CodeIgniter->run()
CRITICAL - 2022-07-14 05:19:20 --> Trying to access array offset on value of type null
in APPPATH\Views\unidades\editar.php on line 10.
 1 APPPATH\Views\unidades\editar.php(10): CodeIgniter\Debug\Exceptions->errorHandler(2, 'Trying to access array offset on value of type null', 'APPPATH\\Views\\unidades\\editar.php', 10)
 2 SYSTEMPATH\View\View.php(213): include('APPPATH\\Views\\unidades\\editar.php')
 3 SYSTEMPATH\View\View.php(216): CodeIgniter\View\View->CodeIgniter\View\{closure}()
 4 SYSTEMPATH\Common.php(1135): CodeIgniter\View\View->render('unidades/editar', [], true)
 5 APPPATH\Controllers\Unidades.php(59): view('unidades/editar', [...])
 6 SYSTEMPATH\CodeIgniter.php(898): App\Controllers\Unidades->editar('FCPATH\\js', 'datatables-simple-demo.js')
 7 SYSTEMPATH\CodeIgniter.php(468): CodeIgniter\CodeIgniter->runController(Object(App\Controllers\Unidades))
 8 SYSTEMPATH\CodeIgniter.php(351): CodeIgniter\CodeIgniter->handleRequest(null, Object(Config\Cache), false)
 9 FCPATH\index.php(55): CodeIgniter\CodeIgniter->run()
CRITICAL - 2022-07-14 05:20:51 --> Trying to access array offset on value of type null
in APPPATH\Views\unidades\editar.php on line 10.
 1 APPPATH\Views\unidades\editar.php(10): CodeIgniter\Debug\Exceptions->errorHandler(2, 'Trying to access array offset on value of type null', 'APPPATH\\Views\\unidades\\editar.php', 10)
 2 SYSTEMPATH\View\View.php(213): include('APPPATH\\Views\\unidades\\editar.php')
 3 SYSTEMPATH\View\View.php(216): CodeIgniter\View\View->CodeIgniter\View\{closure}()
 4 SYSTEMPATH\Common.php(1135): CodeIgniter\View\View->render('unidades/editar', [], true)
 5 APPPATH\Controllers\Unidades.php(59): view('unidades/editar', [...])
 6 SYSTEMPATH\CodeIgniter.php(898): App\Controllers\Unidades->editar('FCPATH\\Logo.png')
 7 SYSTEMPATH\CodeIgniter.php(468): CodeIgniter\CodeIgniter->runController(Object(App\Controllers\Unidades))
 8 SYSTEMPATH\CodeIgniter.php(351): CodeIgniter\CodeIgniter->handleRequest(null, Object(Config\Cache), false)
 9 FCPATH\index.php(55): CodeIgniter\CodeIgniter->run()
CRITICAL - 2022-07-14 05:20:51 --> Trying to access array offset on value of type null
in APPPATH\Views\unidades\editar.php on line 10.
 1 APPPATH\Views\unidades\editar.php(10): CodeIgniter\Debug\Exceptions->errorHandler(2, 'Trying to access array offset on value of type null', 'APPPATH\\Views\\unidades\\editar.php', 10)
 2 SYSTEMPATH\View\View.php(213): include('APPPATH\\Views\\unidades\\editar.php')
 3 SYSTEMPATH\View\View.php(216): CodeIgniter\View\View->CodeIgniter\View\{closure}()
 4 SYSTEMPATH\Common.php(1135): CodeIgniter\View\View->render('unidades/editar', [], true)
 5 APPPATH\Controllers\Unidades.php(59): view('unidades/editar', [...])
 6 SYSTEMPATH\CodeIgniter.php(898): App\Controllers\Unidades->editar('FCPATH\\js', 'scripts.js')
 7 SYSTEMPATH\CodeIgniter.php(468): CodeIgniter\CodeIgniter->runController(Object(App\Controllers\Unidades))
 8 SYSTEMPATH\CodeIgniter.php(351): CodeIgniter\CodeIgniter->handleRequest(null, Object(Config\Cache), false)
 9 FCPATH\index.php(55): CodeIgniter\CodeIgniter->run()
CRITICAL - 2022-07-14 05:20:51 --> Trying to access array offset on value of type null
in APPPATH\Views\unidades\editar.php on line 10.
 1 APPPATH\Views\unidades\editar.php(10): CodeIgniter\Debug\Exceptions->errorHandler(2, 'Trying to access array offset on value of type null', 'APPPATH\\Views\\unidades\\editar.php', 10)
 2 SYSTEMPATH\View\View.php(213): include('APPPATH\\Views\\unidades\\editar.php')
 3 SYSTEMPATH\View\View.php(216): CodeIgniter\View\View->CodeIgniter\View\{closure}()
 4 SYSTEMPATH\Common.php(1135): CodeIgniter\View\View->render('unidades/editar', [], true)
 5 APPPATH\Controllers\Unidades.php(59): view('unidades/editar', [...])
 6 SYSTEMPATH\CodeIgniter.php(898): App\Controllers\Unidades->editar('FCPATH\\js', 'datatables-simple-demo.js')
 7 SYSTEMPATH\CodeIgniter.php(468): CodeIgniter\CodeIgniter->runController(Object(App\Controllers\Unidades))
 8 SYSTEMPATH\CodeIgniter.php(351): CodeIgniter\CodeIgniter->handleRequest(null, Object(Config\Cache), false)
 9 FCPATH\index.php(55): CodeIgniter\CodeIgniter->run()
CRITICAL - 2022-07-14 05:22:15 --> Trying to access array offset on value of type null
in APPPATH\Views\unidades\editar.php on line 10.
 1 APPPATH\Views\unidades\editar.php(10): CodeIgniter\Debug\Exceptions->errorHandler(2, 'Trying to access array offset on value of type null', 'APPPATH\\Views\\unidades\\editar.php', 10)
 2 SYSTEMPATH\View\View.php(213): include('APPPATH\\Views\\unidades\\editar.php')
 3 SYSTEMPATH\View\View.php(216): CodeIgniter\View\View->CodeIgniter\View\{closure}()
 4 SYSTEMPATH\Common.php(1135): CodeIgniter\View\View->render('unidades/editar', [], true)
 5 APPPATH\Controllers\Unidades.php(59): view('unidades/editar', [...])
 6 SYSTEMPATH\CodeIgniter.php(898): App\Controllers\Unidades->editar('FCPATH\\Logo.png')
 7 SYSTEMPATH\CodeIgniter.php(468): CodeIgniter\CodeIgniter->runController(Object(App\Controllers\Unidades))
 8 SYSTEMPATH\CodeIgniter.php(351): CodeIgniter\CodeIgniter->handleRequest(null, Object(Config\Cache), false)
 9 FCPATH\index.php(55): CodeIgniter\CodeIgniter->run()
CRITICAL - 2022-07-14 05:22:15 --> Trying to access array offset on value of type null
in APPPATH\Views\unidades\editar.php on line 10.
 1 APPPATH\Views\unidades\editar.php(10): CodeIgniter\Debug\Exceptions->errorHandler(2, 'Trying to access array offset on value of type null', 'APPPATH\\Views\\unidades\\editar.php', 10)
 2 SYSTEMPATH\View\View.php(213): include('APPPATH\\Views\\unidades\\editar.php')
 3 SYSTEMPATH\View\View.php(216): CodeIgniter\View\View->CodeIgniter\View\{closure}()
 4 SYSTEMPATH\Common.php(1135): CodeIgniter\View\View->render('unidades/editar', [], true)
 5 APPPATH\Controllers\Unidades.php(59): view('unidades/editar', [...])
 6 SYSTEMPATH\CodeIgniter.php(898): App\Controllers\Unidades->editar('FCPATH\\js', 'scripts.js')
 7 SYSTEMPATH\CodeIgniter.php(468): CodeIgniter\CodeIgniter->runController(Object(App\Controllers\Unidades))
 8 SYSTEMPATH\CodeIgniter.php(351): CodeIgniter\CodeIgniter->handleRequest(null, Object(Config\Cache), false)
 9 FCPATH\index.php(55): CodeIgniter\CodeIgniter->run()
CRITICAL - 2022-07-14 05:22:15 --> Trying to access array offset on value of type null
in APPPATH\Views\unidades\editar.php on line 10.
 1 APPPATH\Views\unidades\editar.php(10): CodeIgniter\Debug\Exceptions->errorHandler(2, 'Trying to access array offset on value of type null', 'APPPATH\\Views\\unidades\\editar.php', 10)
 2 SYSTEMPATH\View\View.php(213): include('APPPATH\\Views\\unidades\\editar.php')
 3 SYSTEMPATH\View\View.php(216): CodeIgniter\View\View->CodeIgniter\View\{closure}()
 4 SYSTEMPATH\Common.php(1135): CodeIgniter\View\View->render('unidades/editar', [], true)
 5 APPPATH\Controllers\Unidades.php(59): view('unidades/editar', [...])
 6 SYSTEMPATH\CodeIgniter.php(898): App\Controllers\Unidades->editar('FCPATH\\js', 'datatables-simple-demo.js')
 7 SYSTEMPATH\CodeIgniter.php(468): CodeIgniter\CodeIgniter->runController(Object(App\Controllers\Unidades))
 8 SYSTEMPATH\CodeIgniter.php(351): CodeIgniter\CodeIgniter->handleRequest(null, Object(Config\Cache), false)
 9 FCPATH\index.php(55): CodeIgniter\CodeIgniter->run()
CRITICAL - 2022-07-14 05:23:22 --> Trying to access array offset on value of type null
in APPPATH\Views\unidades\editar.php on line 10.
 1 APPPATH\Views\unidades\editar.php(10): CodeIgniter\Debug\Exceptions->errorHandler(2, 'Trying to access array offset on value of type null', 'APPPATH\\Views\\unidades\\editar.php', 10)
 2 SYSTEMPATH\View\View.php(213): include('APPPATH\\Views\\unidades\\editar.php')
 3 SYSTEMPATH\View\View.php(216): CodeIgniter\View\View->CodeIgniter\View\{closure}()
 4 SYSTEMPATH\Common.php(1135): CodeIgniter\View\View->render('unidades/editar', [], true)
 5 APPPATH\Controllers\Unidades.php(59): view('unidades/editar', [...])
 6 SYSTEMPATH\CodeIgniter.php(898): App\Controllers\Unidades->editar('FCPATH\\Logo.png')
 7 SYSTEMPATH\CodeIgniter.php(468): CodeIgniter\CodeIgniter->runController(Object(App\Controllers\Unidades))
 8 SYSTEMPATH\CodeIgniter.php(351): CodeIgniter\CodeIgniter->handleRequest(null, Object(Config\Cache), false)
 9 FCPATH\index.php(55): CodeIgniter\CodeIgniter->run()
CRITICAL - 2022-07-14 05:23:22 --> Trying to access array offset on value of type null
in APPPATH\Views\unidades\editar.php on line 10.
 1 APPPATH\Views\unidades\editar.php(10): CodeIgniter\Debug\Exceptions->errorHandler(2, 'Trying to access array offset on value of type null', 'APPPATH\\Views\\unidades\\editar.php', 10)
 2 SYSTEMPATH\View\View.php(213): include('APPPATH\\Views\\unidades\\editar.php')
 3 SYSTEMPATH\View\View.php(216): CodeIgniter\View\View->CodeIgniter\View\{closure}()
 4 SYSTEMPATH\Common.php(1135): CodeIgniter\View\View->render('unidades/editar', [], true)
 5 APPPATH\Controllers\Unidades.php(59): view('unidades/editar', [...])
 6 SYSTEMPATH\CodeIgniter.php(898): App\Controllers\Unidades->editar('FCPATH\\js', 'scripts.js')
 7 SYSTEMPATH\CodeIgniter.php(468): CodeIgniter\CodeIgniter->runController(Object(App\Controllers\Unidades))
 8 SYSTEMPATH\CodeIgniter.php(351): CodeIgniter\CodeIgniter->handleRequest(null, Object(Config\Cache), false)
 9 FCPATH\index.php(55): CodeIgniter\CodeIgniter->run()
CRITICAL - 2022-07-14 05:23:22 --> Trying to access array offset on value of type null
in APPPATH\Views\unidades\editar.php on line 10.
 1 APPPATH\Views\unidades\editar.php(10): CodeIgniter\Debug\Exceptions->errorHandler(2, 'Trying to access array offset on value of type null', 'APPPATH\\Views\\unidades\\editar.php', 10)
 2 SYSTEMPATH\View\View.php(213): include('APPPATH\\Views\\unidades\\editar.php')
 3 SYSTEMPATH\View\View.php(216): CodeIgniter\View\View->CodeIgniter\View\{closure}()
 4 SYSTEMPATH\Common.php(1135): CodeIgniter\View\View->render('unidades/editar', [], true)
 5 APPPATH\Controllers\Unidades.php(59): view('unidades/editar', [...])
 6 SYSTEMPATH\CodeIgniter.php(898): App\Controllers\Unidades->editar('FCPATH\\js', 'datatables-simple-demo.js')
 7 SYSTEMPATH\CodeIgniter.php(468): CodeIgniter\CodeIgniter->runController(Object(App\Controllers\Unidades))
 8 SYSTEMPATH\CodeIgniter.php(351): CodeIgniter\CodeIgniter->handleRequest(null, Object(Config\Cache), false)
 9 FCPATH\index.php(55): CodeIgniter\CodeIgniter->run()
